<?xml version="1.0" encoding="UTF-8"?>
<testsuite name="com.telran.qa28.skelon.tests.BoardCreationTests" tests="11" skipped="0" failures="2" errors="0" timestamp="2021-08-21T12:15:08" hostname="DESKTOP-V8HD5F2" time="128.437">
  <properties/>
  <testcase name="boardCreationTest" classname="com.telran.qa28.skelon.tests.BoardCreationTests" time="22.537"/>
  <testcase name="boardCreationTestDataProvider1[0](a)" classname="com.telran.qa28.skelon.tests.BoardCreationTests" time="11.365"/>
  <testcase name="boardCreationTestDataProvider1[1](123456)" classname="com.telran.qa28.skelon.tests.BoardCreationTests" time="10.6"/>
  <testcase name="boardCreationTestDataProvider1[2](QWERTY)" classname="com.telran.qa28.skelon.tests.BoardCreationTests" time="11.284"/>
  <testcase name="boardCreationTestDataProvider1[3](@#$%^)" classname="com.telran.qa28.skelon.tests.BoardCreationTests" time="10.857"/>
  <testcase name="boardCreationTestDataProvider1[4](A S D F)" classname="com.telran.qa28.skelon.tests.BoardCreationTests" time="10.738"/>
  <testcase name="boardCreationTestDataProviderCSV[0](Board{boardName='qwerty1'})" classname="com.telran.qa28.skelon.tests.BoardCreationTests" time="10.119"/>
  <testcase name="boardCreationTestDataProviderCSV[1](Board{boardName='123456$'})" classname="com.telran.qa28.skelon.tests.BoardCreationTests" time="10.009"/>
  <testcase name="boardCreationTestDataProviderCSV[2](Board{boardName='AAAAAAAAAAA'})" classname="com.telran.qa28.skelon.tests.BoardCreationTests" time="9.94"/>
  <testcase name="boardCreationTestDataProviderCSV[3](Board{boardName='A B C'})" classname="com.telran.qa28.skelon.tests.BoardCreationTests" time="15.178">
    <failure message="org.openqa.selenium.NoSuchElementException: no such element: Unable to locate element: {&quot;method&quot;:&quot;xpath&quot;,&quot;selector&quot;:&quot;//*[@data-test-id='create-board-submit-button']&quot;}&#10;  (Session info: chrome=92.0.4515.159)&#10;For documentation on this error, please visit: https://www.seleniumhq.org/exceptions/no_such_element.html&#10;Build info: version: '3.141.59', revision: 'e82be7d358', time: '2018-11-14T08:17:03'&#10;System info: host: 'DESKTOP-V8HD5F2', ip: '192.168.1.27', os.name: 'Windows 10', os.arch: 'amd64', os.version: '10.0', java.version: '11.0.11'&#10;Driver info: org.openqa.selenium.chrome.ChromeDriver&#10;Capabilities {acceptInsecureCerts: false, browserName: chrome, browserVersion: 92.0.4515.159, chrome: {chromedriverVersion: 92.0.4515.43 (8c61b7e2989f2..., userDataDir: C:\Users\User\AppData\Local...}, goog:chromeOptions: {debuggerAddress: localhost:59063}, javascriptEnabled: true, networkConnectionEnabled: false, pageLoadStrategy: normal, platform: WINDOWS, platformName: WINDOWS, proxy: Proxy(), setWindowRect: true, strictFileInteractability: false, timeouts: {implicit: 0, pageLoad: 300000, script: 30000}, unhandledPromptBehavior: dismiss and notify, webauthn:extension:credBlob: true, webauthn:extension:largeBlob: true, webauthn:virtualAuthenticators: true}&#10;Session ID: fd30429f824efb859a03ce85d3513dc5&#10;*** Element info: {Using=xpath, value=//*[@data-test-id='create-board-submit-button']}" type="org.openqa.selenium.NoSuchElementException">org.openqa.selenium.NoSuchElementException: no such element: Unable to locate element: {&quot;method&quot;:&quot;xpath&quot;,&quot;selector&quot;:&quot;//*[@data-test-id='create-board-submit-button']&quot;}
  (Session info: chrome=92.0.4515.159)
For documentation on this error, please visit: https://www.seleniumhq.org/exceptions/no_such_element.html
Build info: version: '3.141.59', revision: 'e82be7d358', time: '2018-11-14T08:17:03'
System info: host: 'DESKTOP-V8HD5F2', ip: '192.168.1.27', os.name: 'Windows 10', os.arch: 'amd64', os.version: '10.0', java.version: '11.0.11'
Driver info: org.openqa.selenium.chrome.ChromeDriver
Capabilities {acceptInsecureCerts: false, browserName: chrome, browserVersion: 92.0.4515.159, chrome: {chromedriverVersion: 92.0.4515.43 (8c61b7e2989f2..., userDataDir: C:\Users\User\AppData\Local...}, goog:chromeOptions: {debuggerAddress: localhost:59063}, javascriptEnabled: true, networkConnectionEnabled: false, pageLoadStrategy: normal, platform: WINDOWS, platformName: WINDOWS, proxy: Proxy(), setWindowRect: true, strictFileInteractability: false, timeouts: {implicit: 0, pageLoad: 300000, script: 30000}, unhandledPromptBehavior: dismiss and notify, webauthn:extension:credBlob: true, webauthn:extension:largeBlob: true, webauthn:virtualAuthenticators: true}
Session ID: fd30429f824efb859a03ce85d3513dc5
*** Element info: {Using=xpath, value=//*[@data-test-id='create-board-submit-button']}
	at java.base/jdk.internal.reflect.NativeConstructorAccessorImpl.newInstance0(Native Method)
	at java.base/jdk.internal.reflect.NativeConstructorAccessorImpl.newInstance(NativeConstructorAccessorImpl.java:62)
	at java.base/jdk.internal.reflect.DelegatingConstructorAccessorImpl.newInstance(DelegatingConstructorAccessorImpl.java:45)
	at java.base/java.lang.reflect.Constructor.newInstance(Constructor.java:490)
	at org.openqa.selenium.remote.http.W3CHttpResponseCodec.createException(W3CHttpResponseCodec.java:187)
	at org.openqa.selenium.remote.http.W3CHttpResponseCodec.decode(W3CHttpResponseCodec.java:122)
	at org.openqa.selenium.remote.http.W3CHttpResponseCodec.decode(W3CHttpResponseCodec.java:49)
	at org.openqa.selenium.remote.HttpCommandExecutor.execute(HttpCommandExecutor.java:158)
	at org.openqa.selenium.remote.service.DriverCommandExecutor.execute(DriverCommandExecutor.java:83)
	at org.openqa.selenium.remote.RemoteWebDriver.execute(RemoteWebDriver.java:552)
	at org.openqa.selenium.remote.RemoteWebDriver.findElement(RemoteWebDriver.java:323)
	at org.openqa.selenium.remote.RemoteWebDriver.findElementByXPath(RemoteWebDriver.java:428)
	at org.openqa.selenium.By$ByXPath.findElement(By.java:353)
	at org.openqa.selenium.remote.RemoteWebDriver.findElement(RemoteWebDriver.java:315)
	at jdk.internal.reflect.GeneratedMethodAccessor3.invoke(Unknown Source)
	at java.base/jdk.internal.reflect.DelegatingMethodAccessorImpl.invoke(DelegatingMethodAccessorImpl.java:43)
	at java.base/java.lang.reflect.Method.invoke(Method.java:566)
	at org.openqa.selenium.support.events.EventFiringWebDriver.lambda$new$1(EventFiringWebDriver.java:105)
	at com.sun.proxy.$Proxy15.findElement(Unknown Source)
	at org.openqa.selenium.support.events.EventFiringWebDriver.findElement(EventFiringWebDriver.java:194)
	at com.telran.qa28.skelon.framework.HelperBase.click(HelperBase.java:23)
	at com.telran.qa28.skelon.framework.BoardHelper.confirmBoardCreation(BoardHelper.java:22)
	at com.telran.qa28.skelon.tests.BoardCreationTests.boardCreationTestDataProviderCSV(BoardCreationTests.java:111)
	at java.base/jdk.internal.reflect.NativeMethodAccessorImpl.invoke0(Native Method)
	at java.base/jdk.internal.reflect.NativeMethodAccessorImpl.invoke(NativeMethodAccessorImpl.java:62)
	at java.base/jdk.internal.reflect.DelegatingMethodAccessorImpl.invoke(DelegatingMethodAccessorImpl.java:43)
	at java.base/java.lang.reflect.Method.invoke(Method.java:566)
	at org.testng.internal.MethodInvocationHelper.invokeMethod(MethodInvocationHelper.java:134)
	at org.testng.internal.TestInvoker.invokeMethod(TestInvoker.java:597)
	at org.testng.internal.TestInvoker.invokeTestMethod(TestInvoker.java:173)
	at org.testng.internal.MethodRunner.runInSequence(MethodRunner.java:46)
	at org.testng.internal.TestInvoker$MethodInvocationAgent.invoke(TestInvoker.java:816)
	at org.testng.internal.TestInvoker.invokeTestMethods(TestInvoker.java:146)
	at org.testng.internal.TestMethodWorker.invokeTestMethods(TestMethodWorker.java:146)
	at org.testng.internal.TestMethodWorker.run(TestMethodWorker.java:128)
	at java.base/java.util.ArrayList.forEach(ArrayList.java:1541)
	at org.testng.TestRunner.privateRun(TestRunner.java:766)
	at org.testng.TestRunner.run(TestRunner.java:587)
	at org.testng.SuiteRunner.runTest(SuiteRunner.java:384)
	at org.testng.SuiteRunner.runSequentially(SuiteRunner.java:378)
	at org.testng.SuiteRunner.privateRun(SuiteRunner.java:337)
	at org.testng.SuiteRunner.run(SuiteRunner.java:286)
	at org.testng.SuiteRunnerWorker.runSuite(SuiteRunnerWorker.java:53)
	at org.testng.SuiteRunnerWorker.run(SuiteRunnerWorker.java:96)
	at org.testng.TestNG.runSuitesSequentially(TestNG.java:1187)
	at org.testng.TestNG.runSuitesLocally(TestNG.java:1109)
	at org.testng.TestNG.runSuites(TestNG.java:1039)
	at org.testng.TestNG.run(TestNG.java:1007)
	at org.gradle.api.internal.tasks.testing.testng.TestNGTestClassProcessor.runTests(TestNGTestClassProcessor.java:141)
	at org.gradle.api.internal.tasks.testing.testng.TestNGTestClassProcessor.stop(TestNGTestClassProcessor.java:90)
	at org.gradle.api.internal.tasks.testing.SuiteTestClassProcessor.stop(SuiteTestClassProcessor.java:61)
	at java.base/jdk.internal.reflect.NativeMethodAccessorImpl.invoke0(Native Method)
	at java.base/jdk.internal.reflect.NativeMethodAccessorImpl.invoke(NativeMethodAccessorImpl.java:62)
	at java.base/jdk.internal.reflect.DelegatingMethodAccessorImpl.invoke(DelegatingMethodAccessorImpl.java:43)
	at java.base/java.lang.reflect.Method.invoke(Method.java:566)
	at org.gradle.internal.dispatch.ReflectionDispatch.dispatch(ReflectionDispatch.java:36)
	at org.gradle.internal.dispatch.ReflectionDispatch.dispatch(ReflectionDispatch.java:24)
	at org.gradle.internal.dispatch.ContextClassLoaderDispatch.dispatch(ContextClassLoaderDispatch.java:33)
	at org.gradle.internal.dispatch.ProxyDispatchAdapter$DispatchingInvocationHandler.invoke(ProxyDispatchAdapter.java:94)
	at com.sun.proxy.$Proxy2.stop(Unknown Source)
	at org.gradle.api.internal.tasks.testing.worker.TestWorker.stop(TestWorker.java:133)
	at java.base/jdk.internal.reflect.NativeMethodAccessorImpl.invoke0(Native Method)
	at java.base/jdk.internal.reflect.NativeMethodAccessorImpl.invoke(NativeMethodAccessorImpl.java:62)
	at java.base/jdk.internal.reflect.DelegatingMethodAccessorImpl.invoke(DelegatingMethodAccessorImpl.java:43)
	at java.base/java.lang.reflect.Method.invoke(Method.java:566)
	at org.gradle.internal.dispatch.ReflectionDispatch.dispatch(ReflectionDispatch.java:36)
	at org.gradle.internal.dispatch.ReflectionDispatch.dispatch(ReflectionDispatch.java:24)
	at org.gradle.internal.remote.internal.hub.MessageHubBackedObjectConnection$DispatchWrapper.dispatch(MessageHubBackedObjectConnection.java:182)
	at org.gradle.internal.remote.internal.hub.MessageHubBackedObjectConnection$DispatchWrapper.dispatch(MessageHubBackedObjectConnection.java:164)
	at org.gradle.internal.remote.internal.hub.MessageHub$Handler.run(MessageHub.java:414)
	at org.gradle.internal.concurrent.ExecutorPolicy$CatchAndRecordFailures.onExecute(ExecutorPolicy.java:64)
	at org.gradle.internal.concurrent.ManagedExecutorImpl$1.run(ManagedExecutorImpl.java:48)
	at java.base/java.util.concurrent.ThreadPoolExecutor.runWorker(ThreadPoolExecutor.java:1128)
	at java.base/java.util.concurrent.ThreadPoolExecutor$Worker.run(ThreadPoolExecutor.java:628)
	at org.gradle.internal.concurrent.ThreadFactoryImpl$ManagedThreadRunnable.run(ThreadFactoryImpl.java:56)
	at java.base/java.lang.Thread.run(Thread.java:834)
</failure>
  </testcase>
  <testcase name="boardCreationTestDataProviderCSV[4](Board{boardName='A1$s'})" classname="com.telran.qa28.skelon.tests.BoardCreationTests" time="5.49">
    <failure message="org.openqa.selenium.ElementClickInterceptedException: element click intercepted: Element &lt;button class=&quot;_2Hkk1T39xw4RMQ _3TTqkG5muwOzqZ ZOUktZwsING7-0 _3LWeD13GUCngAu&quot; data-test-id=&quot;header-create-menu-button&quot; type=&quot;button&quot; aria-label=&quot;Create board or Workspace&quot;&gt;...&lt;/button&gt; is not clickable at point (1238, 20). Other element would receive the click: &lt;div class=&quot;_343EhxI8lu8-ih _2E51xGpnYJSdNA _25mU3FaRo7l95D&quot;&gt;...&lt;/div&gt;&#10;  (Session info: chrome=92.0.4515.159)&#10;Build info: version: '3.141.59', revision: 'e82be7d358', time: '2018-11-14T08:17:03'&#10;System info: host: 'DESKTOP-V8HD5F2', ip: '192.168.1.27', os.name: 'Windows 10', os.arch: 'amd64', os.version: '10.0', java.version: '11.0.11'&#10;Driver info: org.openqa.selenium.chrome.ChromeDriver&#10;Capabilities {acceptInsecureCerts: false, browserName: chrome, browserVersion: 92.0.4515.159, chrome: {chromedriverVersion: 92.0.4515.43 (8c61b7e2989f2..., userDataDir: C:\Users\User\AppData\Local...}, goog:chromeOptions: {debuggerAddress: localhost:59063}, javascriptEnabled: true, networkConnectionEnabled: false, pageLoadStrategy: normal, platform: WINDOWS, platformName: WINDOWS, proxy: Proxy(), setWindowRect: true, strictFileInteractability: false, timeouts: {implicit: 0, pageLoad: 300000, script: 30000}, unhandledPromptBehavior: dismiss and notify, webauthn:extension:credBlob: true, webauthn:extension:largeBlob: true, webauthn:virtualAuthenticators: true}&#10;Session ID: fd30429f824efb859a03ce85d3513dc5" type="org.openqa.selenium.ElementClickInterceptedException">org.openqa.selenium.ElementClickInterceptedException: element click intercepted: Element &lt;button class=&quot;_2Hkk1T39xw4RMQ _3TTqkG5muwOzqZ ZOUktZwsING7-0 _3LWeD13GUCngAu&quot; data-test-id=&quot;header-create-menu-button&quot; type=&quot;button&quot; aria-label=&quot;Create board or Workspace&quot;&gt;...&lt;/button&gt; is not clickable at point (1238, 20). Other element would receive the click: &lt;div class=&quot;_343EhxI8lu8-ih _2E51xGpnYJSdNA _25mU3FaRo7l95D&quot;&gt;...&lt;/div&gt;
  (Session info: chrome=92.0.4515.159)
Build info: version: '3.141.59', revision: 'e82be7d358', time: '2018-11-14T08:17:03'
System info: host: 'DESKTOP-V8HD5F2', ip: '192.168.1.27', os.name: 'Windows 10', os.arch: 'amd64', os.version: '10.0', java.version: '11.0.11'
Driver info: org.openqa.selenium.chrome.ChromeDriver
Capabilities {acceptInsecureCerts: false, browserName: chrome, browserVersion: 92.0.4515.159, chrome: {chromedriverVersion: 92.0.4515.43 (8c61b7e2989f2..., userDataDir: C:\Users\User\AppData\Local...}, goog:chromeOptions: {debuggerAddress: localhost:59063}, javascriptEnabled: true, networkConnectionEnabled: false, pageLoadStrategy: normal, platform: WINDOWS, platformName: WINDOWS, proxy: Proxy(), setWindowRect: true, strictFileInteractability: false, timeouts: {implicit: 0, pageLoad: 300000, script: 30000}, unhandledPromptBehavior: dismiss and notify, webauthn:extension:credBlob: true, webauthn:extension:largeBlob: true, webauthn:virtualAuthenticators: true}
Session ID: fd30429f824efb859a03ce85d3513dc5
	at java.base/jdk.internal.reflect.NativeConstructorAccessorImpl.newInstance0(Native Method)
	at java.base/jdk.internal.reflect.NativeConstructorAccessorImpl.newInstance(NativeConstructorAccessorImpl.java:62)
	at java.base/jdk.internal.reflect.DelegatingConstructorAccessorImpl.newInstance(DelegatingConstructorAccessorImpl.java:45)
	at java.base/java.lang.reflect.Constructor.newInstance(Constructor.java:490)
	at org.openqa.selenium.remote.http.W3CHttpResponseCodec.createException(W3CHttpResponseCodec.java:187)
	at org.openqa.selenium.remote.http.W3CHttpResponseCodec.decode(W3CHttpResponseCodec.java:122)
	at org.openqa.selenium.remote.http.W3CHttpResponseCodec.decode(W3CHttpResponseCodec.java:49)
	at org.openqa.selenium.remote.HttpCommandExecutor.execute(HttpCommandExecutor.java:158)
	at org.openqa.selenium.remote.service.DriverCommandExecutor.execute(DriverCommandExecutor.java:83)
	at org.openqa.selenium.remote.RemoteWebDriver.execute(RemoteWebDriver.java:552)
	at org.openqa.selenium.remote.RemoteWebElement.execute(RemoteWebElement.java:285)
	at org.openqa.selenium.remote.RemoteWebElement.click(RemoteWebElement.java:84)
	at jdk.internal.reflect.GeneratedMethodAccessor5.invoke(Unknown Source)
	at java.base/jdk.internal.reflect.DelegatingMethodAccessorImpl.invoke(DelegatingMethodAccessorImpl.java:43)
	at java.base/java.lang.reflect.Method.invoke(Method.java:566)
	at org.openqa.selenium.support.events.EventFiringWebDriver$EventFiringWebElement.lambda$new$0(EventFiringWebDriver.java:404)
	at com.sun.proxy.$Proxy16.click(Unknown Source)
	at org.openqa.selenium.support.events.EventFiringWebDriver$EventFiringWebElement.click(EventFiringWebDriver.java:417)
	at com.telran.qa28.skelon.framework.HelperBase.click(HelperBase.java:23)
	at com.telran.qa28.skelon.framework.HelperBase.clickOnPlusButton(HelperBase.java:57)
	at com.telran.qa28.skelon.tests.BoardCreationTests.boardCreationTestDataProviderCSV(BoardCreationTests.java:108)
	at java.base/jdk.internal.reflect.NativeMethodAccessorImpl.invoke0(Native Method)
	at java.base/jdk.internal.reflect.NativeMethodAccessorImpl.invoke(NativeMethodAccessorImpl.java:62)
	at java.base/jdk.internal.reflect.DelegatingMethodAccessorImpl.invoke(DelegatingMethodAccessorImpl.java:43)
	at java.base/java.lang.reflect.Method.invoke(Method.java:566)
	at org.testng.internal.MethodInvocationHelper.invokeMethod(MethodInvocationHelper.java:134)
	at org.testng.internal.TestInvoker.invokeMethod(TestInvoker.java:597)
	at org.testng.internal.TestInvoker.invokeTestMethod(TestInvoker.java:173)
	at org.testng.internal.MethodRunner.runInSequence(MethodRunner.java:46)
	at org.testng.internal.TestInvoker$MethodInvocationAgent.invoke(TestInvoker.java:816)
	at org.testng.internal.TestInvoker.invokeTestMethods(TestInvoker.java:146)
	at org.testng.internal.TestMethodWorker.invokeTestMethods(TestMethodWorker.java:146)
	at org.testng.internal.TestMethodWorker.run(TestMethodWorker.java:128)
	at java.base/java.util.ArrayList.forEach(ArrayList.java:1541)
	at org.testng.TestRunner.privateRun(TestRunner.java:766)
	at org.testng.TestRunner.run(TestRunner.java:587)
	at org.testng.SuiteRunner.runTest(SuiteRunner.java:384)
	at org.testng.SuiteRunner.runSequentially(SuiteRunner.java:378)
	at org.testng.SuiteRunner.privateRun(SuiteRunner.java:337)
	at org.testng.SuiteRunner.run(SuiteRunner.java:286)
	at org.testng.SuiteRunnerWorker.runSuite(SuiteRunnerWorker.java:53)
	at org.testng.SuiteRunnerWorker.run(SuiteRunnerWorker.java:96)
	at org.testng.TestNG.runSuitesSequentially(TestNG.java:1187)
	at org.testng.TestNG.runSuitesLocally(TestNG.java:1109)
	at org.testng.TestNG.runSuites(TestNG.java:1039)
	at org.testng.TestNG.run(TestNG.java:1007)
	at org.gradle.api.internal.tasks.testing.testng.TestNGTestClassProcessor.runTests(TestNGTestClassProcessor.java:141)
	at org.gradle.api.internal.tasks.testing.testng.TestNGTestClassProcessor.stop(TestNGTestClassProcessor.java:90)
	at org.gradle.api.internal.tasks.testing.SuiteTestClassProcessor.stop(SuiteTestClassProcessor.java:61)
	at java.base/jdk.internal.reflect.NativeMethodAccessorImpl.invoke0(Native Method)
	at java.base/jdk.internal.reflect.NativeMethodAccessorImpl.invoke(NativeMethodAccessorImpl.java:62)
	at java.base/jdk.internal.reflect.DelegatingMethodAccessorImpl.invoke(DelegatingMethodAccessorImpl.java:43)
	at java.base/java.lang.reflect.Method.invoke(Method.java:566)
	at org.gradle.internal.dispatch.ReflectionDispatch.dispatch(ReflectionDispatch.java:36)
	at org.gradle.internal.dispatch.ReflectionDispatch.dispatch(ReflectionDispatch.java:24)
	at org.gradle.internal.dispatch.ContextClassLoaderDispatch.dispatch(ContextClassLoaderDispatch.java:33)
	at org.gradle.internal.dispatch.ProxyDispatchAdapter$DispatchingInvocationHandler.invoke(ProxyDispatchAdapter.java:94)
	at com.sun.proxy.$Proxy2.stop(Unknown Source)
	at org.gradle.api.internal.tasks.testing.worker.TestWorker.stop(TestWorker.java:133)
	at java.base/jdk.internal.reflect.NativeMethodAccessorImpl.invoke0(Native Method)
	at java.base/jdk.internal.reflect.NativeMethodAccessorImpl.invoke(NativeMethodAccessorImpl.java:62)
	at java.base/jdk.internal.reflect.DelegatingMethodAccessorImpl.invoke(DelegatingMethodAccessorImpl.java:43)
	at java.base/java.lang.reflect.Method.invoke(Method.java:566)
	at org.gradle.internal.dispatch.ReflectionDispatch.dispatch(ReflectionDispatch.java:36)
	at org.gradle.internal.dispatch.ReflectionDispatch.dispatch(ReflectionDispatch.java:24)
	at org.gradle.internal.remote.internal.hub.MessageHubBackedObjectConnection$DispatchWrapper.dispatch(MessageHubBackedObjectConnection.java:182)
	at org.gradle.internal.remote.internal.hub.MessageHubBackedObjectConnection$DispatchWrapper.dispatch(MessageHubBackedObjectConnection.java:164)
	at org.gradle.internal.remote.internal.hub.MessageHub$Handler.run(MessageHub.java:414)
	at org.gradle.internal.concurrent.ExecutorPolicy$CatchAndRecordFailures.onExecute(ExecutorPolicy.java:64)
	at org.gradle.internal.concurrent.ManagedExecutorImpl$1.run(ManagedExecutorImpl.java:48)
	at java.base/java.util.concurrent.ThreadPoolExecutor.runWorker(ThreadPoolExecutor.java:1128)
	at java.base/java.util.concurrent.ThreadPoolExecutor$Worker.run(ThreadPoolExecutor.java:628)
	at org.gradle.internal.concurrent.ThreadFactoryImpl$ManagedThreadRunnable.run(ThreadFactoryImpl.java:56)
	at java.base/java.lang.Thread.run(Thread.java:834)
</failure>
  </testcase>
  <system-out><![CDATA[15:14:50 INFO  c.telran.qa28.skelon.tests.TestBase - Test boardCreationTest started with parametres - []
15:14:50 INFO  c.t.q.s.tests.TestBase$MyListener - Start search element By.xpath: //*[@data-test-id='header-member-menu-button']
15:15:00 INFO  c.t.q.s.tests.TestBase$MyListener - Element By.xpath: //*[@data-test-id='header-member-menu-button'] found
15:15:00 INFO  c.t.q.s.tests.TestBase$MyListener - Start search element By.xpath: //a[@href='/login']
15:15:00 INFO  c.t.q.s.tests.TestBase$MyListener - Element By.xpath: //a[@href='/login'] found
15:15:02 INFO  c.t.q.s.tests.TestBase$MyListener - Start search element By.xpath: //*[@name = 'user']
15:15:02 INFO  c.t.q.s.tests.TestBase$MyListener - Element By.xpath: //*[@name = 'user'] found
15:15:02 INFO  c.t.q.s.tests.TestBase$MyListener - Start search element By.xpath: //*[@name = 'user']
15:15:02 INFO  c.t.q.s.tests.TestBase$MyListener - Element By.xpath: //*[@name = 'user'] found
15:15:02 INFO  c.t.q.s.tests.TestBase$MyListener - Start search element By.xpath: //*[@name = 'user']
15:15:02 INFO  c.t.q.s.tests.TestBase$MyListener - Element By.xpath: //*[@name = 'user'] found
15:15:05 INFO  c.t.q.s.tests.TestBase$MyListener - Start search element By.xpath: //input[@id='login']
15:15:05 INFO  c.t.q.s.tests.TestBase$MyListener - Element By.xpath: //input[@id='login'] found
15:15:07 INFO  c.t.q.s.tests.TestBase$MyListener - Start search element By.xpath: //*[@name = 'password']
15:15:07 INFO  c.t.q.s.tests.TestBase$MyListener - Element By.xpath: //*[@name = 'password'] found
15:15:07 INFO  c.t.q.s.tests.TestBase$MyListener - Start search element By.xpath: //*[@name = 'password']
15:15:07 INFO  c.t.q.s.tests.TestBase$MyListener - Element By.xpath: //*[@name = 'password'] found
15:15:08 INFO  c.t.q.s.tests.TestBase$MyListener - Start search element By.xpath: //*[@name = 'password']
15:15:08 INFO  c.t.q.s.tests.TestBase$MyListener - Element By.xpath: //*[@name = 'password'] found
15:15:08 INFO  c.t.q.s.tests.TestBase$MyListener - Start search element By.xpath: //button[@id='login-submit']
15:15:08 INFO  c.t.q.s.tests.TestBase$MyListener - Element By.xpath: //button[@id='login-submit'] found
15:15:13 INFO  c.t.q.s.tests.TestBase$MyListener - Start search element By.xpath: //*[contains(@class, 'boards-page-board-section-header-icon-default-image')]/../../../..//li
15:15:21 INFO  c.t.q.s.tests.TestBase$MyListener - Element By.xpath: //*[contains(@class, 'boards-page-board-section-header-icon-default-image')]/../../../..//li found
15:15:21 INFO  c.t.q.s.tests.TestBase$MyListener - Start search element By.xpath: //*[@data-test-id='header-create-menu-button']
15:15:21 INFO  c.t.q.s.tests.TestBase$MyListener - Element By.xpath: //*[@data-test-id='header-create-menu-button'] found
15:15:21 INFO  c.t.q.s.tests.TestBase$MyListener - Start search element By.xpath: //*[@data-test-id='header-create-board-button']
15:15:21 INFO  c.t.q.s.tests.TestBase$MyListener - Element By.xpath: //*[@data-test-id='header-create-board-button'] found
15:15:21 INFO  c.t.q.s.tests.TestBase$MyListener - Start search element By.xpath: //*[@data-test-id='create-board-title-input']
15:15:21 INFO  c.t.q.s.tests.TestBase$MyListener - Element By.xpath: //*[@data-test-id='create-board-title-input'] found
15:15:21 INFO  c.t.q.s.tests.TestBase$MyListener - Start search element By.xpath: //*[@data-test-id='create-board-title-input']
15:15:21 INFO  c.t.q.s.tests.TestBase$MyListener - Element By.xpath: //*[@data-test-id='create-board-title-input'] found
15:15:21 INFO  c.t.q.s.tests.TestBase$MyListener - Start search element By.xpath: //*[@data-test-id='create-board-title-input']
15:15:21 INFO  c.t.q.s.tests.TestBase$MyListener - Element By.xpath: //*[@data-test-id='create-board-title-input'] found
15:15:22 INFO  c.t.q.s.tests.TestBase$MyListener - Start search element By.xpath: //*[@data-test-id='create-board-submit-button']
15:15:22 INFO  c.t.q.s.tests.TestBase$MyListener - Element By.xpath: //*[@data-test-id='create-board-submit-button'] found
15:15:23 INFO  c.t.q.s.tests.TestBase$MyListener - Start search element By.cssSelector: .open-add-list
15:15:28 INFO  c.t.q.s.tests.TestBase$MyListener - Element By.cssSelector: .open-add-list found
15:15:28 INFO  c.t.q.s.tests.TestBase$MyListener - Start search element By.xpath: //h1
15:15:28 INFO  c.t.q.s.tests.TestBase$MyListener - Element By.xpath: //h1 found
15:15:28 INFO  c.t.q.s.tests.TestBase$MyListener - Start search element By.cssSelector: [aria-label='HouseIcon']
15:15:28 INFO  c.t.q.s.tests.TestBase$MyListener - Element By.cssSelector: [aria-label='HouseIcon'] found
15:15:28 INFO  c.t.q.s.tests.TestBase$MyListener - Start search element By.cssSelector: [aria-label='HouseIcon']
15:15:28 INFO  c.t.q.s.tests.TestBase$MyListener - Element By.cssSelector: [aria-label='HouseIcon'] found
15:15:30 INFO  c.t.q.s.tests.TestBase$MyListener - Start search element By.xpath: //*[contains(@class, 'boards-page-board-section-header-icon-default-image')]/../../../..//li
15:15:30 INFO  c.t.q.s.tests.TestBase$MyListener - Element By.xpath: //*[contains(@class, 'boards-page-board-section-header-icon-default-image')]/../../../..//li found
Boards - 2
15:15:30 INFO  c.telran.qa28.skelon.tests.TestBase - Test boardCreationTest finished
15:15:30 INFO  c.telran.qa28.skelon.tests.TestBase - Test boardCreationTestDataProvider1 started with parametres - [a]
15:15:30 INFO  c.t.q.s.tests.TestBase$MyListener - Start search element By.xpath: //*[@data-test-id='header-member-menu-button']
15:15:30 INFO  c.t.q.s.tests.TestBase$MyListener - Element By.xpath: //*[@data-test-id='header-member-menu-button'] found
15:15:35 INFO  c.t.q.s.tests.TestBase$MyListener - Start search element By.xpath: //*[contains(@class, 'boards-page-board-section-header-icon-default-image')]/../../../..//li
15:15:35 INFO  c.t.q.s.tests.TestBase$MyListener - Element By.xpath: //*[contains(@class, 'boards-page-board-section-header-icon-default-image')]/../../../..//li found
15:15:35 INFO  c.t.q.s.tests.TestBase$MyListener - Start search element By.xpath: //*[@data-test-id='header-create-menu-button']
15:15:35 INFO  c.t.q.s.tests.TestBase$MyListener - Element By.xpath: //*[@data-test-id='header-create-menu-button'] found
15:15:36 INFO  c.t.q.s.tests.TestBase$MyListener - Start search element By.xpath: //*[@data-test-id='header-create-board-button']
15:15:36 INFO  c.t.q.s.tests.TestBase$MyListener - Element By.xpath: //*[@data-test-id='header-create-board-button'] found
15:15:36 INFO  c.t.q.s.tests.TestBase$MyListener - Start search element By.xpath: //*[@data-test-id='create-board-title-input']
15:15:36 INFO  c.t.q.s.tests.TestBase$MyListener - Element By.xpath: //*[@data-test-id='create-board-title-input'] found
15:15:36 INFO  c.t.q.s.tests.TestBase$MyListener - Start search element By.xpath: //*[@data-test-id='create-board-title-input']
15:15:36 INFO  c.t.q.s.tests.TestBase$MyListener - Element By.xpath: //*[@data-test-id='create-board-title-input'] found
15:15:36 INFO  c.t.q.s.tests.TestBase$MyListener - Start search element By.xpath: //*[@data-test-id='create-board-title-input']
15:15:36 INFO  c.t.q.s.tests.TestBase$MyListener - Element By.xpath: //*[@data-test-id='create-board-title-input'] found
15:15:36 INFO  c.t.q.s.tests.TestBase$MyListener - Start search element By.xpath: //*[@data-test-id='create-board-submit-button']
15:15:36 INFO  c.t.q.s.tests.TestBase$MyListener - Element By.xpath: //*[@data-test-id='create-board-submit-button'] found
15:15:37 INFO  c.t.q.s.tests.TestBase$MyListener - Start search element By.cssSelector: .open-add-list
15:15:39 INFO  c.t.q.s.tests.TestBase$MyListener - Element By.cssSelector: .open-add-list found
15:15:39 INFO  c.t.q.s.tests.TestBase$MyListener - Start search element By.xpath: //h1
15:15:39 INFO  c.t.q.s.tests.TestBase$MyListener - Element By.xpath: //h1 found
15:15:39 INFO  c.t.q.s.tests.TestBase$MyListener - Start search element By.cssSelector: [aria-label='HouseIcon']
15:15:39 INFO  c.t.q.s.tests.TestBase$MyListener - Element By.cssSelector: [aria-label='HouseIcon'] found
15:15:39 INFO  c.t.q.s.tests.TestBase$MyListener - Start search element By.cssSelector: [aria-label='HouseIcon']
15:15:39 INFO  c.t.q.s.tests.TestBase$MyListener - Element By.cssSelector: [aria-label='HouseIcon'] found
15:15:42 INFO  c.t.q.s.tests.TestBase$MyListener - Start search element By.xpath: //*[contains(@class, 'boards-page-board-section-header-icon-default-image')]/../../../..//li
15:15:42 INFO  c.t.q.s.tests.TestBase$MyListener - Element By.xpath: //*[contains(@class, 'boards-page-board-section-header-icon-default-image')]/../../../..//li found
Boards - 3
15:15:42 INFO  c.telran.qa28.skelon.tests.TestBase - Test boardCreationTestDataProvider1 finished
15:15:42 INFO  c.telran.qa28.skelon.tests.TestBase - Test boardCreationTestDataProvider1 started with parametres - [123456]
15:15:42 INFO  c.t.q.s.tests.TestBase$MyListener - Start search element By.xpath: //*[@data-test-id='header-member-menu-button']
15:15:42 INFO  c.t.q.s.tests.TestBase$MyListener - Element By.xpath: //*[@data-test-id='header-member-menu-button'] found
15:15:47 INFO  c.t.q.s.tests.TestBase$MyListener - Start search element By.xpath: //*[contains(@class, 'boards-page-board-section-header-icon-default-image')]/../../../..//li
15:15:47 INFO  c.t.q.s.tests.TestBase$MyListener - Element By.xpath: //*[contains(@class, 'boards-page-board-section-header-icon-default-image')]/../../../..//li found
15:15:47 INFO  c.t.q.s.tests.TestBase$MyListener - Start search element By.xpath: //*[@data-test-id='header-create-menu-button']
15:15:47 INFO  c.t.q.s.tests.TestBase$MyListener - Element By.xpath: //*[@data-test-id='header-create-menu-button'] found
15:15:47 INFO  c.t.q.s.tests.TestBase$MyListener - Start search element By.xpath: //*[@data-test-id='header-create-board-button']
15:15:47 INFO  c.t.q.s.tests.TestBase$MyListener - Element By.xpath: //*[@data-test-id='header-create-board-button'] found
15:15:47 INFO  c.t.q.s.tests.TestBase$MyListener - Start search element By.xpath: //*[@data-test-id='create-board-title-input']
15:15:47 INFO  c.t.q.s.tests.TestBase$MyListener - Element By.xpath: //*[@data-test-id='create-board-title-input'] found
15:15:47 INFO  c.t.q.s.tests.TestBase$MyListener - Start search element By.xpath: //*[@data-test-id='create-board-title-input']
15:15:47 INFO  c.t.q.s.tests.TestBase$MyListener - Element By.xpath: //*[@data-test-id='create-board-title-input'] found
15:15:47 INFO  c.t.q.s.tests.TestBase$MyListener - Start search element By.xpath: //*[@data-test-id='create-board-title-input']
15:15:47 INFO  c.t.q.s.tests.TestBase$MyListener - Element By.xpath: //*[@data-test-id='create-board-title-input'] found
15:15:48 INFO  c.t.q.s.tests.TestBase$MyListener - Start search element By.xpath: //*[@data-test-id='create-board-submit-button']
15:15:48 INFO  c.t.q.s.tests.TestBase$MyListener - Element By.xpath: //*[@data-test-id='create-board-submit-button'] found
15:15:48 INFO  c.t.q.s.tests.TestBase$MyListener - Start search element By.cssSelector: .open-add-list
15:15:50 INFO  c.t.q.s.tests.TestBase$MyListener - Element By.cssSelector: .open-add-list found
15:15:50 INFO  c.t.q.s.tests.TestBase$MyListener - Start search element By.xpath: //h1
15:15:50 INFO  c.t.q.s.tests.TestBase$MyListener - Element By.xpath: //h1 found
15:15:50 INFO  c.t.q.s.tests.TestBase$MyListener - Start search element By.cssSelector: [aria-label='HouseIcon']
15:15:50 INFO  c.t.q.s.tests.TestBase$MyListener - Element By.cssSelector: [aria-label='HouseIcon'] found
15:15:50 INFO  c.t.q.s.tests.TestBase$MyListener - Start search element By.cssSelector: [aria-label='HouseIcon']
15:15:50 INFO  c.t.q.s.tests.TestBase$MyListener - Element By.cssSelector: [aria-label='HouseIcon'] found
15:15:52 INFO  c.t.q.s.tests.TestBase$MyListener - Start search element By.xpath: //*[contains(@class, 'boards-page-board-section-header-icon-default-image')]/../../../..//li
15:15:52 INFO  c.t.q.s.tests.TestBase$MyListener - Element By.xpath: //*[contains(@class, 'boards-page-board-section-header-icon-default-image')]/../../../..//li found
Boards - 4
15:15:52 INFO  c.telran.qa28.skelon.tests.TestBase - Test boardCreationTestDataProvider1 finished
15:15:52 INFO  c.telran.qa28.skelon.tests.TestBase - Test boardCreationTestDataProvider1 started with parametres - [QWERTY]
15:15:52 INFO  c.t.q.s.tests.TestBase$MyListener - Start search element By.xpath: //*[@data-test-id='header-member-menu-button']
15:15:52 INFO  c.t.q.s.tests.TestBase$MyListener - Element By.xpath: //*[@data-test-id='header-member-menu-button'] found
15:15:57 INFO  c.t.q.s.tests.TestBase$MyListener - Start search element By.xpath: //*[contains(@class, 'boards-page-board-section-header-icon-default-image')]/../../../..//li
15:15:57 INFO  c.t.q.s.tests.TestBase$MyListener - Element By.xpath: //*[contains(@class, 'boards-page-board-section-header-icon-default-image')]/../../../..//li found
15:15:57 INFO  c.t.q.s.tests.TestBase$MyListener - Start search element By.xpath: //*[@data-test-id='header-create-menu-button']
15:15:57 INFO  c.t.q.s.tests.TestBase$MyListener - Element By.xpath: //*[@data-test-id='header-create-menu-button'] found
15:15:58 INFO  c.t.q.s.tests.TestBase$MyListener - Start search element By.xpath: //*[@data-test-id='header-create-board-button']
15:15:58 INFO  c.t.q.s.tests.TestBase$MyListener - Element By.xpath: //*[@data-test-id='header-create-board-button'] found
15:15:58 INFO  c.t.q.s.tests.TestBase$MyListener - Start search element By.xpath: //*[@data-test-id='create-board-title-input']
15:15:58 INFO  c.t.q.s.tests.TestBase$MyListener - Element By.xpath: //*[@data-test-id='create-board-title-input'] found
15:15:58 INFO  c.t.q.s.tests.TestBase$MyListener - Start search element By.xpath: //*[@data-test-id='create-board-title-input']
15:15:58 INFO  c.t.q.s.tests.TestBase$MyListener - Element By.xpath: //*[@data-test-id='create-board-title-input'] found
15:15:58 INFO  c.t.q.s.tests.TestBase$MyListener - Start search element By.xpath: //*[@data-test-id='create-board-title-input']
15:15:58 INFO  c.t.q.s.tests.TestBase$MyListener - Element By.xpath: //*[@data-test-id='create-board-title-input'] found
15:15:59 INFO  c.t.q.s.tests.TestBase$MyListener - Start search element By.xpath: //*[@data-test-id='create-board-submit-button']
15:15:59 INFO  c.t.q.s.tests.TestBase$MyListener - Element By.xpath: //*[@data-test-id='create-board-submit-button'] found
15:15:59 INFO  c.t.q.s.tests.TestBase$MyListener - Start search element By.cssSelector: .open-add-list
15:16:01 INFO  c.t.q.s.tests.TestBase$MyListener - Element By.cssSelector: .open-add-list found
15:16:01 INFO  c.t.q.s.tests.TestBase$MyListener - Start search element By.xpath: //h1
15:16:01 INFO  c.t.q.s.tests.TestBase$MyListener - Element By.xpath: //h1 found
15:16:01 INFO  c.t.q.s.tests.TestBase$MyListener - Start search element By.cssSelector: [aria-label='HouseIcon']
15:16:01 INFO  c.t.q.s.tests.TestBase$MyListener - Element By.cssSelector: [aria-label='HouseIcon'] found
15:16:01 INFO  c.t.q.s.tests.TestBase$MyListener - Start search element By.cssSelector: [aria-label='HouseIcon']
15:16:01 INFO  c.t.q.s.tests.TestBase$MyListener - Element By.cssSelector: [aria-label='HouseIcon'] found
15:16:04 INFO  c.t.q.s.tests.TestBase$MyListener - Start search element By.xpath: //*[contains(@class, 'boards-page-board-section-header-icon-default-image')]/../../../..//li
15:16:04 INFO  c.t.q.s.tests.TestBase$MyListener - Element By.xpath: //*[contains(@class, 'boards-page-board-section-header-icon-default-image')]/../../../..//li found
Boards - 5
15:16:04 INFO  c.telran.qa28.skelon.tests.TestBase - Test boardCreationTestDataProvider1 finished
15:16:04 INFO  c.telran.qa28.skelon.tests.TestBase - Test boardCreationTestDataProvider1 started with parametres - [@#$%^]
15:16:04 INFO  c.t.q.s.tests.TestBase$MyListener - Start search element By.xpath: //*[@data-test-id='header-member-menu-button']
15:16:04 INFO  c.t.q.s.tests.TestBase$MyListener - Element By.xpath: //*[@data-test-id='header-member-menu-button'] found
15:16:09 INFO  c.t.q.s.tests.TestBase$MyListener - Start search element By.xpath: //*[contains(@class, 'boards-page-board-section-header-icon-default-image')]/../../../..//li
15:16:09 INFO  c.t.q.s.tests.TestBase$MyListener - Element By.xpath: //*[contains(@class, 'boards-page-board-section-header-icon-default-image')]/../../../..//li found
15:16:09 INFO  c.t.q.s.tests.TestBase$MyListener - Start search element By.xpath: //*[@data-test-id='header-create-menu-button']
15:16:09 INFO  c.t.q.s.tests.TestBase$MyListener - Element By.xpath: //*[@data-test-id='header-create-menu-button'] found
15:16:09 INFO  c.t.q.s.tests.TestBase$MyListener - Start search element By.xpath: //*[@data-test-id='header-create-board-button']
15:16:09 INFO  c.t.q.s.tests.TestBase$MyListener - Element By.xpath: //*[@data-test-id='header-create-board-button'] found
15:16:09 INFO  c.t.q.s.tests.TestBase$MyListener - Start search element By.xpath: //*[@data-test-id='create-board-title-input']
15:16:09 INFO  c.t.q.s.tests.TestBase$MyListener - Element By.xpath: //*[@data-test-id='create-board-title-input'] found
15:16:09 INFO  c.t.q.s.tests.TestBase$MyListener - Start search element By.xpath: //*[@data-test-id='create-board-title-input']
15:16:09 INFO  c.t.q.s.tests.TestBase$MyListener - Element By.xpath: //*[@data-test-id='create-board-title-input'] found
15:16:09 INFO  c.t.q.s.tests.TestBase$MyListener - Start search element By.xpath: //*[@data-test-id='create-board-title-input']
15:16:09 INFO  c.t.q.s.tests.TestBase$MyListener - Element By.xpath: //*[@data-test-id='create-board-title-input'] found
15:16:10 INFO  c.t.q.s.tests.TestBase$MyListener - Start search element By.xpath: //*[@data-test-id='create-board-submit-button']
15:16:10 INFO  c.t.q.s.tests.TestBase$MyListener - Element By.xpath: //*[@data-test-id='create-board-submit-button'] found
15:16:10 INFO  c.t.q.s.tests.TestBase$MyListener - Start search element By.cssSelector: .open-add-list
15:16:12 INFO  c.t.q.s.tests.TestBase$MyListener - Element By.cssSelector: .open-add-list found
15:16:12 INFO  c.t.q.s.tests.TestBase$MyListener - Start search element By.xpath: //h1
15:16:12 INFO  c.t.q.s.tests.TestBase$MyListener - Element By.xpath: //h1 found
15:16:12 INFO  c.t.q.s.tests.TestBase$MyListener - Start search element By.cssSelector: [aria-label='HouseIcon']
15:16:12 INFO  c.t.q.s.tests.TestBase$MyListener - Element By.cssSelector: [aria-label='HouseIcon'] found
15:16:12 INFO  c.t.q.s.tests.TestBase$MyListener - Start search element By.cssSelector: [aria-label='HouseIcon']
15:16:12 INFO  c.t.q.s.tests.TestBase$MyListener - Element By.cssSelector: [aria-label='HouseIcon'] found
15:16:15 INFO  c.t.q.s.tests.TestBase$MyListener - Start search element By.xpath: //*[contains(@class, 'boards-page-board-section-header-icon-default-image')]/../../../..//li
15:16:15 INFO  c.t.q.s.tests.TestBase$MyListener - Element By.xpath: //*[contains(@class, 'boards-page-board-section-header-icon-default-image')]/../../../..//li found
Boards - 6
15:16:15 INFO  c.telran.qa28.skelon.tests.TestBase - Test boardCreationTestDataProvider1 finished
15:16:15 INFO  c.telran.qa28.skelon.tests.TestBase - Test boardCreationTestDataProvider1 started with parametres - [A S D F]
15:16:15 INFO  c.t.q.s.tests.TestBase$MyListener - Start search element By.xpath: //*[@data-test-id='header-member-menu-button']
15:16:15 INFO  c.t.q.s.tests.TestBase$MyListener - Element By.xpath: //*[@data-test-id='header-member-menu-button'] found
15:16:20 INFO  c.t.q.s.tests.TestBase$MyListener - Start search element By.xpath: //*[contains(@class, 'boards-page-board-section-header-icon-default-image')]/../../../..//li
15:16:20 INFO  c.t.q.s.tests.TestBase$MyListener - Element By.xpath: //*[contains(@class, 'boards-page-board-section-header-icon-default-image')]/../../../..//li found
15:16:20 INFO  c.t.q.s.tests.TestBase$MyListener - Start search element By.xpath: //*[@data-test-id='header-create-menu-button']
15:16:20 INFO  c.t.q.s.tests.TestBase$MyListener - Element By.xpath: //*[@data-test-id='header-create-menu-button'] found
15:16:20 INFO  c.t.q.s.tests.TestBase$MyListener - Start search element By.xpath: //*[@data-test-id='header-create-board-button']
15:16:20 INFO  c.t.q.s.tests.TestBase$MyListener - Element By.xpath: //*[@data-test-id='header-create-board-button'] found
15:16:20 INFO  c.t.q.s.tests.TestBase$MyListener - Start search element By.xpath: //*[@data-test-id='create-board-title-input']
15:16:20 INFO  c.t.q.s.tests.TestBase$MyListener - Element By.xpath: //*[@data-test-id='create-board-title-input'] found
15:16:20 INFO  c.t.q.s.tests.TestBase$MyListener - Start search element By.xpath: //*[@data-test-id='create-board-title-input']
15:16:20 INFO  c.t.q.s.tests.TestBase$MyListener - Element By.xpath: //*[@data-test-id='create-board-title-input'] found
15:16:20 INFO  c.t.q.s.tests.TestBase$MyListener - Start search element By.xpath: //*[@data-test-id='create-board-title-input']
15:16:20 INFO  c.t.q.s.tests.TestBase$MyListener - Element By.xpath: //*[@data-test-id='create-board-title-input'] found
15:16:21 INFO  c.t.q.s.tests.TestBase$MyListener - Start search element By.xpath: //*[@data-test-id='create-board-submit-button']
15:16:21 INFO  c.t.q.s.tests.TestBase$MyListener - Element By.xpath: //*[@data-test-id='create-board-submit-button'] found
15:16:21 INFO  c.t.q.s.tests.TestBase$MyListener - Start search element By.cssSelector: .open-add-list
15:16:23 INFO  c.t.q.s.tests.TestBase$MyListener - Element By.cssSelector: .open-add-list found
15:16:23 INFO  c.t.q.s.tests.TestBase$MyListener - Start search element By.xpath: //h1
15:16:23 INFO  c.t.q.s.tests.TestBase$MyListener - Element By.xpath: //h1 found
15:16:23 INFO  c.t.q.s.tests.TestBase$MyListener - Start search element By.cssSelector: [aria-label='HouseIcon']
15:16:23 INFO  c.t.q.s.tests.TestBase$MyListener - Element By.cssSelector: [aria-label='HouseIcon'] found
15:16:23 INFO  c.t.q.s.tests.TestBase$MyListener - Start search element By.cssSelector: [aria-label='HouseIcon']
15:16:23 INFO  c.t.q.s.tests.TestBase$MyListener - Element By.cssSelector: [aria-label='HouseIcon'] found
15:16:25 INFO  c.t.q.s.tests.TestBase$MyListener - Start search element By.xpath: //*[contains(@class, 'boards-page-board-section-header-icon-default-image')]/../../../..//li
15:16:25 INFO  c.t.q.s.tests.TestBase$MyListener - Element By.xpath: //*[contains(@class, 'boards-page-board-section-header-icon-default-image')]/../../../..//li found
Boards - 7
15:16:25 INFO  c.telran.qa28.skelon.tests.TestBase - Test boardCreationTestDataProvider1 finished
15:16:25 INFO  c.telran.qa28.skelon.tests.TestBase - Test boardCreationTestDataProviderCSV started with parametres - [Board{boardName='qwerty1'}]
15:16:25 INFO  c.t.q.s.tests.TestBase$MyListener - Start search element By.xpath: //*[@data-test-id='header-member-menu-button']
15:16:25 INFO  c.t.q.s.tests.TestBase$MyListener - Element By.xpath: //*[@data-test-id='header-member-menu-button'] found
15:16:29 INFO  c.t.q.s.tests.TestBase$MyListener - Start search element By.xpath: //*[contains(@class, 'boards-page-board-section-header-icon-default-image')]/../../../..//li
15:16:29 INFO  c.t.q.s.tests.TestBase$MyListener - Element By.xpath: //*[contains(@class, 'boards-page-board-section-header-icon-default-image')]/../../../..//li found
15:16:29 INFO  c.t.q.s.tests.TestBase$MyListener - Start search element By.xpath: //*[@data-test-id='header-create-menu-button']
15:16:29 INFO  c.t.q.s.tests.TestBase$MyListener - Element By.xpath: //*[@data-test-id='header-create-menu-button'] found
15:16:30 INFO  c.t.q.s.tests.TestBase$MyListener - Start search element By.xpath: //*[@data-test-id='header-create-board-button']
15:16:30 INFO  c.t.q.s.tests.TestBase$MyListener - Element By.xpath: //*[@data-test-id='header-create-board-button'] found
15:16:30 INFO  c.t.q.s.tests.TestBase$MyListener - Start search element By.xpath: //*[@data-test-id='create-board-title-input']
15:16:30 INFO  c.t.q.s.tests.TestBase$MyListener - Element By.xpath: //*[@data-test-id='create-board-title-input'] found
15:16:30 INFO  c.t.q.s.tests.TestBase$MyListener - Start search element By.xpath: //*[@data-test-id='create-board-title-input']
15:16:30 INFO  c.t.q.s.tests.TestBase$MyListener - Element By.xpath: //*[@data-test-id='create-board-title-input'] found
15:16:30 INFO  c.t.q.s.tests.TestBase$MyListener - Start search element By.xpath: //*[@data-test-id='create-board-title-input']
15:16:30 INFO  c.t.q.s.tests.TestBase$MyListener - Element By.xpath: //*[@data-test-id='create-board-title-input'] found
15:16:30 INFO  c.t.q.s.tests.TestBase$MyListener - Start search element By.xpath: //*[@data-test-id='create-board-submit-button']
15:16:30 INFO  c.t.q.s.tests.TestBase$MyListener - Element By.xpath: //*[@data-test-id='create-board-submit-button'] found
15:16:30 INFO  c.t.q.s.tests.TestBase$MyListener - Start search element By.cssSelector: .open-add-list
15:16:33 INFO  c.t.q.s.tests.TestBase$MyListener - Element By.cssSelector: .open-add-list found
15:16:33 INFO  c.t.q.s.tests.TestBase$MyListener - Start search element By.xpath: //h1
15:16:33 INFO  c.t.q.s.tests.TestBase$MyListener - Element By.xpath: //h1 found
15:16:33 INFO  c.t.q.s.tests.TestBase$MyListener - Start search element By.cssSelector: [aria-label='HouseIcon']
15:16:33 INFO  c.t.q.s.tests.TestBase$MyListener - Element By.cssSelector: [aria-label='HouseIcon'] found
15:16:33 INFO  c.t.q.s.tests.TestBase$MyListener - Start search element By.cssSelector: [aria-label='HouseIcon']
15:16:33 INFO  c.t.q.s.tests.TestBase$MyListener - Element By.cssSelector: [aria-label='HouseIcon'] found
15:16:35 INFO  c.t.q.s.tests.TestBase$MyListener - Start search element By.xpath: //*[contains(@class, 'boards-page-board-section-header-icon-default-image')]/../../../..//li
15:16:35 INFO  c.t.q.s.tests.TestBase$MyListener - Element By.xpath: //*[contains(@class, 'boards-page-board-section-header-icon-default-image')]/../../../..//li found
Boards - 8
15:16:36 INFO  c.telran.qa28.skelon.tests.TestBase - Test boardCreationTestDataProviderCSV finished
15:16:36 INFO  c.telran.qa28.skelon.tests.TestBase - Test boardCreationTestDataProviderCSV started with parametres - [Board{boardName='123456$'}]
15:16:36 INFO  c.t.q.s.tests.TestBase$MyListener - Start search element By.xpath: //*[@data-test-id='header-member-menu-button']
15:16:36 INFO  c.t.q.s.tests.TestBase$MyListener - Element By.xpath: //*[@data-test-id='header-member-menu-button'] found
15:16:40 INFO  c.t.q.s.tests.TestBase$MyListener - Start search element By.xpath: //*[contains(@class, 'boards-page-board-section-header-icon-default-image')]/../../../..//li
15:16:40 INFO  c.t.q.s.tests.TestBase$MyListener - Element By.xpath: //*[contains(@class, 'boards-page-board-section-header-icon-default-image')]/../../../..//li found
15:16:40 INFO  c.t.q.s.tests.TestBase$MyListener - Start search element By.xpath: //*[@data-test-id='header-create-menu-button']
15:16:40 INFO  c.t.q.s.tests.TestBase$MyListener - Element By.xpath: //*[@data-test-id='header-create-menu-button'] found
15:16:40 INFO  c.t.q.s.tests.TestBase$MyListener - Start search element By.xpath: //*[@data-test-id='header-create-board-button']
15:16:40 INFO  c.t.q.s.tests.TestBase$MyListener - Element By.xpath: //*[@data-test-id='header-create-board-button'] found
15:16:40 INFO  c.t.q.s.tests.TestBase$MyListener - Start search element By.xpath: //*[@data-test-id='create-board-title-input']
15:16:40 INFO  c.t.q.s.tests.TestBase$MyListener - Element By.xpath: //*[@data-test-id='create-board-title-input'] found
15:16:40 INFO  c.t.q.s.tests.TestBase$MyListener - Start search element By.xpath: //*[@data-test-id='create-board-title-input']
15:16:40 INFO  c.t.q.s.tests.TestBase$MyListener - Element By.xpath: //*[@data-test-id='create-board-title-input'] found
15:16:40 INFO  c.t.q.s.tests.TestBase$MyListener - Start search element By.xpath: //*[@data-test-id='create-board-title-input']
15:16:40 INFO  c.t.q.s.tests.TestBase$MyListener - Element By.xpath: //*[@data-test-id='create-board-title-input'] found
15:16:40 INFO  c.t.q.s.tests.TestBase$MyListener - Start search element By.xpath: //*[@data-test-id='create-board-submit-button']
15:16:40 INFO  c.t.q.s.tests.TestBase$MyListener - Element By.xpath: //*[@data-test-id='create-board-submit-button'] found
15:16:41 INFO  c.t.q.s.tests.TestBase$MyListener - Start search element By.cssSelector: .open-add-list
15:16:43 INFO  c.t.q.s.tests.TestBase$MyListener - Element By.cssSelector: .open-add-list found
15:16:43 INFO  c.t.q.s.tests.TestBase$MyListener - Start search element By.xpath: //h1
15:16:43 INFO  c.t.q.s.tests.TestBase$MyListener - Element By.xpath: //h1 found
15:16:43 INFO  c.t.q.s.tests.TestBase$MyListener - Start search element By.cssSelector: [aria-label='HouseIcon']
15:16:43 INFO  c.t.q.s.tests.TestBase$MyListener - Element By.cssSelector: [aria-label='HouseIcon'] found
15:16:43 INFO  c.t.q.s.tests.TestBase$MyListener - Start search element By.cssSelector: [aria-label='HouseIcon']
15:16:43 INFO  c.t.q.s.tests.TestBase$MyListener - Element By.cssSelector: [aria-label='HouseIcon'] found
15:16:45 INFO  c.t.q.s.tests.TestBase$MyListener - Start search element By.xpath: //*[contains(@class, 'boards-page-board-section-header-icon-default-image')]/../../../..//li
15:16:46 INFO  c.t.q.s.tests.TestBase$MyListener - Element By.xpath: //*[contains(@class, 'boards-page-board-section-header-icon-default-image')]/../../../..//li found
Boards - 9
15:16:46 INFO  c.telran.qa28.skelon.tests.TestBase - Test boardCreationTestDataProviderCSV finished
15:16:46 INFO  c.telran.qa28.skelon.tests.TestBase - Test boardCreationTestDataProviderCSV started with parametres - [Board{boardName='AAAAAAAAAAA'}]
15:16:46 INFO  c.t.q.s.tests.TestBase$MyListener - Start search element By.xpath: //*[@data-test-id='header-member-menu-button']
15:16:46 INFO  c.t.q.s.tests.TestBase$MyListener - Element By.xpath: //*[@data-test-id='header-member-menu-button'] found
15:16:50 INFO  c.t.q.s.tests.TestBase$MyListener - Start search element By.xpath: //*[contains(@class, 'boards-page-board-section-header-icon-default-image')]/../../../..//li
15:16:50 INFO  c.t.q.s.tests.TestBase$MyListener - Element By.xpath: //*[contains(@class, 'boards-page-board-section-header-icon-default-image')]/../../../..//li found
15:16:50 INFO  c.t.q.s.tests.TestBase$MyListener - Start search element By.xpath: //*[@data-test-id='header-create-menu-button']
15:16:50 INFO  c.t.q.s.tests.TestBase$MyListener - Element By.xpath: //*[@data-test-id='header-create-menu-button'] found
15:16:50 INFO  c.t.q.s.tests.TestBase$MyListener - Start search element By.xpath: //*[@data-test-id='header-create-board-button']
15:16:50 INFO  c.t.q.s.tests.TestBase$MyListener - Element By.xpath: //*[@data-test-id='header-create-board-button'] found
15:16:50 INFO  c.t.q.s.tests.TestBase$MyListener - Start search element By.xpath: //*[@data-test-id='create-board-title-input']
15:16:50 INFO  c.t.q.s.tests.TestBase$MyListener - Element By.xpath: //*[@data-test-id='create-board-title-input'] found
15:16:50 INFO  c.t.q.s.tests.TestBase$MyListener - Start search element By.xpath: //*[@data-test-id='create-board-title-input']
15:16:50 INFO  c.t.q.s.tests.TestBase$MyListener - Element By.xpath: //*[@data-test-id='create-board-title-input'] found
15:16:50 INFO  c.t.q.s.tests.TestBase$MyListener - Start search element By.xpath: //*[@data-test-id='create-board-title-input']
15:16:50 INFO  c.t.q.s.tests.TestBase$MyListener - Element By.xpath: //*[@data-test-id='create-board-title-input'] found
15:16:51 INFO  c.t.q.s.tests.TestBase$MyListener - Start search element By.xpath: //*[@data-test-id='create-board-submit-button']
15:16:51 INFO  c.t.q.s.tests.TestBase$MyListener - Element By.xpath: //*[@data-test-id='create-board-submit-button'] found
15:16:51 INFO  c.t.q.s.tests.TestBase$MyListener - Start search element By.cssSelector: .open-add-list
15:16:53 INFO  c.t.q.s.tests.TestBase$MyListener - Element By.cssSelector: .open-add-list found
15:16:53 INFO  c.t.q.s.tests.TestBase$MyListener - Start search element By.xpath: //h1
15:16:53 INFO  c.t.q.s.tests.TestBase$MyListener - Element By.xpath: //h1 found
15:16:53 INFO  c.t.q.s.tests.TestBase$MyListener - Start search element By.cssSelector: [aria-label='HouseIcon']
15:16:53 INFO  c.t.q.s.tests.TestBase$MyListener - Element By.cssSelector: [aria-label='HouseIcon'] found
15:16:53 INFO  c.t.q.s.tests.TestBase$MyListener - Start search element By.cssSelector: [aria-label='HouseIcon']
15:16:53 INFO  c.t.q.s.tests.TestBase$MyListener - Element By.cssSelector: [aria-label='HouseIcon'] found
15:16:55 INFO  c.t.q.s.tests.TestBase$MyListener - Start search element By.xpath: //*[contains(@class, 'boards-page-board-section-header-icon-default-image')]/../../../..//li
15:16:55 INFO  c.t.q.s.tests.TestBase$MyListener - Element By.xpath: //*[contains(@class, 'boards-page-board-section-header-icon-default-image')]/../../../..//li found
Boards - 10
15:16:55 INFO  c.telran.qa28.skelon.tests.TestBase - Test boardCreationTestDataProviderCSV finished
15:16:55 INFO  c.telran.qa28.skelon.tests.TestBase - Test boardCreationTestDataProviderCSV started with parametres - [Board{boardName='A B C'}]
15:16:55 INFO  c.t.q.s.tests.TestBase$MyListener - Start search element By.xpath: //*[@data-test-id='header-member-menu-button']
15:16:56 INFO  c.t.q.s.tests.TestBase$MyListener - Element By.xpath: //*[@data-test-id='header-member-menu-button'] found
15:17:00 INFO  c.t.q.s.tests.TestBase$MyListener - Start search element By.xpath: //*[contains(@class, 'boards-page-board-section-header-icon-default-image')]/../../../..//li
15:17:00 INFO  c.t.q.s.tests.TestBase$MyListener - Element By.xpath: //*[contains(@class, 'boards-page-board-section-header-icon-default-image')]/../../../..//li found
15:17:00 INFO  c.t.q.s.tests.TestBase$MyListener - Start search element By.xpath: //*[@data-test-id='header-create-menu-button']
15:17:00 INFO  c.t.q.s.tests.TestBase$MyListener - Element By.xpath: //*[@data-test-id='header-create-menu-button'] found
15:17:00 INFO  c.t.q.s.tests.TestBase$MyListener - Start search element By.xpath: //*[@data-test-id='header-create-board-button']
15:17:00 INFO  c.t.q.s.tests.TestBase$MyListener - Element By.xpath: //*[@data-test-id='header-create-board-button'] found
15:17:00 INFO  c.t.q.s.tests.TestBase$MyListener - Start search element By.xpath: //*[@data-test-id='create-board-title-input']
15:17:00 INFO  c.t.q.s.tests.TestBase$MyListener - Element By.xpath: //*[@data-test-id='create-board-title-input'] found
15:17:00 INFO  c.t.q.s.tests.TestBase$MyListener - Start search element By.xpath: //*[@data-test-id='create-board-title-input']
15:17:00 INFO  c.t.q.s.tests.TestBase$MyListener - Element By.xpath: //*[@data-test-id='create-board-title-input'] found
15:17:00 INFO  c.t.q.s.tests.TestBase$MyListener - Start search element By.xpath: //*[@data-test-id='create-board-title-input']
15:17:00 INFO  c.t.q.s.tests.TestBase$MyListener - Element By.xpath: //*[@data-test-id='create-board-title-input'] found
15:17:00 INFO  c.t.q.s.tests.TestBase$MyListener - Start search element By.xpath: //*[@data-test-id='create-board-submit-button']
15:17:10 ERROR c.t.q.s.tests.TestBase$MyListener - ERROR!!! TEST FAILED!!!

org.openqa.selenium.NoSuchElementException: no such element: Unable to locate element: {"method":"xpath","selector":"//*[@data-test-id='create-board-submit-button']"}
  (Session info: chrome=92.0.4515.159)
For documentation on this error, please visit: https://www.seleniumhq.org/exceptions/no_such_element.html
Build info: version: '3.141.59', revision: 'e82be7d358', time: '2018-11-14T08:17:03'
System info: host: 'DESKTOP-V8HD5F2', ip: '192.168.1.27', os.name: 'Windows 10', os.arch: 'amd64', os.version: '10.0', java.version: '11.0.11'
Driver info: org.openqa.selenium.chrome.ChromeDriver
Capabilities {acceptInsecureCerts: false, browserName: chrome, browserVersion: 92.0.4515.159, chrome: {chromedriverVersion: 92.0.4515.43 (8c61b7e2989f2..., userDataDir: C:\Users\User\AppData\Local...}, goog:chromeOptions: {debuggerAddress: localhost:59063}, javascriptEnabled: true, networkConnectionEnabled: false, pageLoadStrategy: normal, platform: WINDOWS, platformName: WINDOWS, proxy: Proxy(), setWindowRect: true, strictFileInteractability: false, timeouts: {implicit: 0, pageLoad: 300000, script: 30000}, unhandledPromptBehavior: dismiss and notify, webauthn:extension:credBlob: true, webauthn:extension:largeBlob: true, webauthn:virtualAuthenticators: true}
Session ID: fd30429f824efb859a03ce85d3513dc5
*** Element info: {Using=xpath, value=//*[@data-test-id='create-board-submit-button']}
	at java.base/jdk.internal.reflect.NativeConstructorAccessorImpl.newInstance0(Native Method)
	at java.base/jdk.internal.reflect.NativeConstructorAccessorImpl.newInstance(NativeConstructorAccessorImpl.java:62)
	at java.base/jdk.internal.reflect.DelegatingConstructorAccessorImpl.newInstance(DelegatingConstructorAccessorImpl.java:45)
	at java.base/java.lang.reflect.Constructor.newInstance(Constructor.java:490)
	at org.openqa.selenium.remote.http.W3CHttpResponseCodec.createException(W3CHttpResponseCodec.java:187)
	at org.openqa.selenium.remote.http.W3CHttpResponseCodec.decode(W3CHttpResponseCodec.java:122)
	at org.openqa.selenium.remote.http.W3CHttpResponseCodec.decode(W3CHttpResponseCodec.java:49)
	at org.openqa.selenium.remote.HttpCommandExecutor.execute(HttpCommandExecutor.java:158)
	at org.openqa.selenium.remote.service.DriverCommandExecutor.execute(DriverCommandExecutor.java:83)
	at org.openqa.selenium.remote.RemoteWebDriver.execute(RemoteWebDriver.java:552)
	at org.openqa.selenium.remote.RemoteWebDriver.findElement(RemoteWebDriver.java:323)
	at org.openqa.selenium.remote.RemoteWebDriver.findElementByXPath(RemoteWebDriver.java:428)
	at org.openqa.selenium.By$ByXPath.findElement(By.java:353)
	at org.openqa.selenium.remote.RemoteWebDriver.findElement(RemoteWebDriver.java:315)
	at jdk.internal.reflect.GeneratedMethodAccessor3.invoke(Unknown Source)
	at java.base/jdk.internal.reflect.DelegatingMethodAccessorImpl.invoke(DelegatingMethodAccessorImpl.java:43)
	at java.base/java.lang.reflect.Method.invoke(Method.java:566)
	at org.openqa.selenium.support.events.EventFiringWebDriver.lambda$new$1(EventFiringWebDriver.java:105)
	at com.sun.proxy.$Proxy15.findElement(Unknown Source)
	at org.openqa.selenium.support.events.EventFiringWebDriver.findElement(EventFiringWebDriver.java:194)
	at com.telran.qa28.skelon.framework.HelperBase.click(HelperBase.java:23)
	at com.telran.qa28.skelon.framework.BoardHelper.confirmBoardCreation(BoardHelper.java:22)
	at com.telran.qa28.skelon.tests.BoardCreationTests.boardCreationTestDataProviderCSV(BoardCreationTests.java:111)
	at java.base/jdk.internal.reflect.NativeMethodAccessorImpl.invoke0(Native Method)
	at java.base/jdk.internal.reflect.NativeMethodAccessorImpl.invoke(NativeMethodAccessorImpl.java:62)
	at java.base/jdk.internal.reflect.DelegatingMethodAccessorImpl.invoke(DelegatingMethodAccessorImpl.java:43)
	at java.base/java.lang.reflect.Method.invoke(Method.java:566)
	at org.testng.internal.MethodInvocationHelper.invokeMethod(MethodInvocationHelper.java:134)
	at org.testng.internal.TestInvoker.invokeMethod(TestInvoker.java:597)
	at org.testng.internal.TestInvoker.invokeTestMethod(TestInvoker.java:173)
	at org.testng.internal.MethodRunner.runInSequence(MethodRunner.java:46)
	at org.testng.internal.TestInvoker$MethodInvocationAgent.invoke(TestInvoker.java:816)
	at org.testng.internal.TestInvoker.invokeTestMethods(TestInvoker.java:146)
	at org.testng.internal.TestMethodWorker.invokeTestMethods(TestMethodWorker.java:146)
	at org.testng.internal.TestMethodWorker.run(TestMethodWorker.java:128)
	at java.base/java.util.ArrayList.forEach(ArrayList.java:1541)
	at org.testng.TestRunner.privateRun(TestRunner.java:766)
	at org.testng.TestRunner.run(TestRunner.java:587)
	at org.testng.SuiteRunner.runTest(SuiteRunner.java:384)
	at org.testng.SuiteRunner.runSequentially(SuiteRunner.java:378)
	at org.testng.SuiteRunner.privateRun(SuiteRunner.java:337)
	at org.testng.SuiteRunner.run(SuiteRunner.java:286)
	at org.testng.SuiteRunnerWorker.runSuite(SuiteRunnerWorker.java:53)
	at org.testng.SuiteRunnerWorker.run(SuiteRunnerWorker.java:96)
	at org.testng.TestNG.runSuitesSequentially(TestNG.java:1187)
	at org.testng.TestNG.runSuitesLocally(TestNG.java:1109)
	at org.testng.TestNG.runSuites(TestNG.java:1039)
	at org.testng.TestNG.run(TestNG.java:1007)
	at org.gradle.api.internal.tasks.testing.testng.TestNGTestClassProcessor.runTests(TestNGTestClassProcessor.java:141)
	at org.gradle.api.internal.tasks.testing.testng.TestNGTestClassProcessor.stop(TestNGTestClassProcessor.java:90)
	at org.gradle.api.internal.tasks.testing.SuiteTestClassProcessor.stop(SuiteTestClassProcessor.java:61)
	at java.base/jdk.internal.reflect.NativeMethodAccessorImpl.invoke0(Native Method)
	at java.base/jdk.internal.reflect.NativeMethodAccessorImpl.invoke(NativeMethodAccessorImpl.java:62)
	at java.base/jdk.internal.reflect.DelegatingMethodAccessorImpl.invoke(DelegatingMethodAccessorImpl.java:43)
	at java.base/java.lang.reflect.Method.invoke(Method.java:566)
	at org.gradle.internal.dispatch.ReflectionDispatch.dispatch(ReflectionDispatch.java:36)
	at org.gradle.internal.dispatch.ReflectionDispatch.dispatch(ReflectionDispatch.java:24)
	at org.gradle.internal.dispatch.ContextClassLoaderDispatch.dispatch(ContextClassLoaderDispatch.java:33)
	at org.gradle.internal.dispatch.ProxyDispatchAdapter$DispatchingInvocationHandler.invoke(ProxyDispatchAdapter.java:94)
	at com.sun.proxy.$Proxy2.stop(Unknown Source)
	at org.gradle.api.internal.tasks.testing.worker.TestWorker.stop(TestWorker.java:133)
	at java.base/jdk.internal.reflect.NativeMethodAccessorImpl.invoke0(Native Method)
	at java.base/jdk.internal.reflect.NativeMethodAccessorImpl.invoke(NativeMethodAccessorImpl.java:62)
	at java.base/jdk.internal.reflect.DelegatingMethodAccessorImpl.invoke(DelegatingMethodAccessorImpl.java:43)
	at java.base/java.lang.reflect.Method.invoke(Method.java:566)
	at org.gradle.internal.dispatch.ReflectionDispatch.dispatch(ReflectionDispatch.java:36)
	at org.gradle.internal.dispatch.ReflectionDispatch.dispatch(ReflectionDispatch.java:24)
	at org.gradle.internal.remote.internal.hub.MessageHubBackedObjectConnection$DispatchWrapper.dispatch(MessageHubBackedObjectConnection.java:182)
	at org.gradle.internal.remote.internal.hub.MessageHubBackedObjectConnection$DispatchWrapper.dispatch(MessageHubBackedObjectConnection.java:164)
	at org.gradle.internal.remote.internal.hub.MessageHub$Handler.run(MessageHub.java:414)
	at org.gradle.internal.concurrent.ExecutorPolicy$CatchAndRecordFailures.onExecute(ExecutorPolicy.java:64)
	at org.gradle.internal.concurrent.ManagedExecutorImpl$1.run(ManagedExecutorImpl.java:48)
	at java.base/java.util.concurrent.ThreadPoolExecutor.runWorker(ThreadPoolExecutor.java:1128)
	at java.base/java.util.concurrent.ThreadPoolExecutor$Worker.run(ThreadPoolExecutor.java:628)
	at org.gradle.internal.concurrent.ThreadFactoryImpl$ManagedThreadRunnable.run(ThreadFactoryImpl.java:56)
	at java.base/java.lang.Thread.run(Thread.java:834)
15:17:11 ERROR c.t.q.s.tests.TestBase$MyListener - screenshot - ScreenShots/screen-1629548.png
15:17:11 INFO  c.telran.qa28.skelon.tests.TestBase - Test boardCreationTestDataProviderCSV finished
15:17:11 INFO  c.telran.qa28.skelon.tests.TestBase - Test boardCreationTestDataProviderCSV started with parametres - [Board{boardName='A1$s'}]
15:17:11 INFO  c.t.q.s.tests.TestBase$MyListener - Start search element By.xpath: //*[@data-test-id='header-member-menu-button']
15:17:11 INFO  c.t.q.s.tests.TestBase$MyListener - Element By.xpath: //*[@data-test-id='header-member-menu-button'] found
15:17:15 INFO  c.t.q.s.tests.TestBase$MyListener - Start search element By.xpath: //*[contains(@class, 'boards-page-board-section-header-icon-default-image')]/../../../..//li
15:17:15 INFO  c.t.q.s.tests.TestBase$MyListener - Element By.xpath: //*[contains(@class, 'boards-page-board-section-header-icon-default-image')]/../../../..//li found
15:17:15 INFO  c.t.q.s.tests.TestBase$MyListener - Start search element By.xpath: //*[@data-test-id='header-create-menu-button']
15:17:15 INFO  c.t.q.s.tests.TestBase$MyListener - Element By.xpath: //*[@data-test-id='header-create-menu-button'] found
15:17:16 ERROR c.t.q.s.tests.TestBase$MyListener - ERROR!!! TEST FAILED!!!

org.openqa.selenium.ElementClickInterceptedException: element click intercepted: Element <button class="_2Hkk1T39xw4RMQ _3TTqkG5muwOzqZ ZOUktZwsING7-0 _3LWeD13GUCngAu" data-test-id="header-create-menu-button" type="button" aria-label="Create board or Workspace">...</button> is not clickable at point (1238, 20). Other element would receive the click: <div class="_343EhxI8lu8-ih _2E51xGpnYJSdNA _25mU3FaRo7l95D">...</div>
  (Session info: chrome=92.0.4515.159)
Build info: version: '3.141.59', revision: 'e82be7d358', time: '2018-11-14T08:17:03'
System info: host: 'DESKTOP-V8HD5F2', ip: '192.168.1.27', os.name: 'Windows 10', os.arch: 'amd64', os.version: '10.0', java.version: '11.0.11'
Driver info: org.openqa.selenium.chrome.ChromeDriver
Capabilities {acceptInsecureCerts: false, browserName: chrome, browserVersion: 92.0.4515.159, chrome: {chromedriverVersion: 92.0.4515.43 (8c61b7e2989f2..., userDataDir: C:\Users\User\AppData\Local...}, goog:chromeOptions: {debuggerAddress: localhost:59063}, javascriptEnabled: true, networkConnectionEnabled: false, pageLoadStrategy: normal, platform: WINDOWS, platformName: WINDOWS, proxy: Proxy(), setWindowRect: true, strictFileInteractability: false, timeouts: {implicit: 0, pageLoad: 300000, script: 30000}, unhandledPromptBehavior: dismiss and notify, webauthn:extension:credBlob: true, webauthn:extension:largeBlob: true, webauthn:virtualAuthenticators: true}
Session ID: fd30429f824efb859a03ce85d3513dc5
	at java.base/jdk.internal.reflect.NativeConstructorAccessorImpl.newInstance0(Native Method)
	at java.base/jdk.internal.reflect.NativeConstructorAccessorImpl.newInstance(NativeConstructorAccessorImpl.java:62)
	at java.base/jdk.internal.reflect.DelegatingConstructorAccessorImpl.newInstance(DelegatingConstructorAccessorImpl.java:45)
	at java.base/java.lang.reflect.Constructor.newInstance(Constructor.java:490)
	at org.openqa.selenium.remote.http.W3CHttpResponseCodec.createException(W3CHttpResponseCodec.java:187)
	at org.openqa.selenium.remote.http.W3CHttpResponseCodec.decode(W3CHttpResponseCodec.java:122)
	at org.openqa.selenium.remote.http.W3CHttpResponseCodec.decode(W3CHttpResponseCodec.java:49)
	at org.openqa.selenium.remote.HttpCommandExecutor.execute(HttpCommandExecutor.java:158)
	at org.openqa.selenium.remote.service.DriverCommandExecutor.execute(DriverCommandExecutor.java:83)
	at org.openqa.selenium.remote.RemoteWebDriver.execute(RemoteWebDriver.java:552)
	at org.openqa.selenium.remote.RemoteWebElement.execute(RemoteWebElement.java:285)
	at org.openqa.selenium.remote.RemoteWebElement.click(RemoteWebElement.java:84)
	at jdk.internal.reflect.GeneratedMethodAccessor5.invoke(Unknown Source)
	at java.base/jdk.internal.reflect.DelegatingMethodAccessorImpl.invoke(DelegatingMethodAccessorImpl.java:43)
	at java.base/java.lang.reflect.Method.invoke(Method.java:566)
	at org.openqa.selenium.support.events.EventFiringWebDriver$EventFiringWebElement.lambda$new$0(EventFiringWebDriver.java:404)
	at com.sun.proxy.$Proxy16.click(Unknown Source)
	at org.openqa.selenium.support.events.EventFiringWebDriver$EventFiringWebElement.click(EventFiringWebDriver.java:417)
	at com.telran.qa28.skelon.framework.HelperBase.click(HelperBase.java:23)
	at com.telran.qa28.skelon.framework.HelperBase.clickOnPlusButton(HelperBase.java:57)
	at com.telran.qa28.skelon.tests.BoardCreationTests.boardCreationTestDataProviderCSV(BoardCreationTests.java:108)
	at java.base/jdk.internal.reflect.NativeMethodAccessorImpl.invoke0(Native Method)
	at java.base/jdk.internal.reflect.NativeMethodAccessorImpl.invoke(NativeMethodAccessorImpl.java:62)
	at java.base/jdk.internal.reflect.DelegatingMethodAccessorImpl.invoke(DelegatingMethodAccessorImpl.java:43)
	at java.base/java.lang.reflect.Method.invoke(Method.java:566)
	at org.testng.internal.MethodInvocationHelper.invokeMethod(MethodInvocationHelper.java:134)
	at org.testng.internal.TestInvoker.invokeMethod(TestInvoker.java:597)
	at org.testng.internal.TestInvoker.invokeTestMethod(TestInvoker.java:173)
	at org.testng.internal.MethodRunner.runInSequence(MethodRunner.java:46)
	at org.testng.internal.TestInvoker$MethodInvocationAgent.invoke(TestInvoker.java:816)
	at org.testng.internal.TestInvoker.invokeTestMethods(TestInvoker.java:146)
	at org.testng.internal.TestMethodWorker.invokeTestMethods(TestMethodWorker.java:146)
	at org.testng.internal.TestMethodWorker.run(TestMethodWorker.java:128)
	at java.base/java.util.ArrayList.forEach(ArrayList.java:1541)
	at org.testng.TestRunner.privateRun(TestRunner.java:766)
	at org.testng.TestRunner.run(TestRunner.java:587)
	at org.testng.SuiteRunner.runTest(SuiteRunner.java:384)
	at org.testng.SuiteRunner.runSequentially(SuiteRunner.java:378)
	at org.testng.SuiteRunner.privateRun(SuiteRunner.java:337)
	at org.testng.SuiteRunner.run(SuiteRunner.java:286)
	at org.testng.SuiteRunnerWorker.runSuite(SuiteRunnerWorker.java:53)
	at org.testng.SuiteRunnerWorker.run(SuiteRunnerWorker.java:96)
	at org.testng.TestNG.runSuitesSequentially(TestNG.java:1187)
	at org.testng.TestNG.runSuitesLocally(TestNG.java:1109)
	at org.testng.TestNG.runSuites(TestNG.java:1039)
	at org.testng.TestNG.run(TestNG.java:1007)
	at org.gradle.api.internal.tasks.testing.testng.TestNGTestClassProcessor.runTests(TestNGTestClassProcessor.java:141)
	at org.gradle.api.internal.tasks.testing.testng.TestNGTestClassProcessor.stop(TestNGTestClassProcessor.java:90)
	at org.gradle.api.internal.tasks.testing.SuiteTestClassProcessor.stop(SuiteTestClassProcessor.java:61)
	at java.base/jdk.internal.reflect.NativeMethodAccessorImpl.invoke0(Native Method)
	at java.base/jdk.internal.reflect.NativeMethodAccessorImpl.invoke(NativeMethodAccessorImpl.java:62)
	at java.base/jdk.internal.reflect.DelegatingMethodAccessorImpl.invoke(DelegatingMethodAccessorImpl.java:43)
	at java.base/java.lang.reflect.Method.invoke(Method.java:566)
	at org.gradle.internal.dispatch.ReflectionDispatch.dispatch(ReflectionDispatch.java:36)
	at org.gradle.internal.dispatch.ReflectionDispatch.dispatch(ReflectionDispatch.java:24)
	at org.gradle.internal.dispatch.ContextClassLoaderDispatch.dispatch(ContextClassLoaderDispatch.java:33)
	at org.gradle.internal.dispatch.ProxyDispatchAdapter$DispatchingInvocationHandler.invoke(ProxyDispatchAdapter.java:94)
	at com.sun.proxy.$Proxy2.stop(Unknown Source)
	at org.gradle.api.internal.tasks.testing.worker.TestWorker.stop(TestWorker.java:133)
	at java.base/jdk.internal.reflect.NativeMethodAccessorImpl.invoke0(Native Method)
	at java.base/jdk.internal.reflect.NativeMethodAccessorImpl.invoke(NativeMethodAccessorImpl.java:62)
	at java.base/jdk.internal.reflect.DelegatingMethodAccessorImpl.invoke(DelegatingMethodAccessorImpl.java:43)
	at java.base/java.lang.reflect.Method.invoke(Method.java:566)
	at org.gradle.internal.dispatch.ReflectionDispatch.dispatch(ReflectionDispatch.java:36)
	at org.gradle.internal.dispatch.ReflectionDispatch.dispatch(ReflectionDispatch.java:24)
	at org.gradle.internal.remote.internal.hub.MessageHubBackedObjectConnection$DispatchWrapper.dispatch(MessageHubBackedObjectConnection.java:182)
	at org.gradle.internal.remote.internal.hub.MessageHubBackedObjectConnection$DispatchWrapper.dispatch(MessageHubBackedObjectConnection.java:164)
	at org.gradle.internal.remote.internal.hub.MessageHub$Handler.run(MessageHub.java:414)
	at org.gradle.internal.concurrent.ExecutorPolicy$CatchAndRecordFailures.onExecute(ExecutorPolicy.java:64)
	at org.gradle.internal.concurrent.ManagedExecutorImpl$1.run(ManagedExecutorImpl.java:48)
	at java.base/java.util.concurrent.ThreadPoolExecutor.runWorker(ThreadPoolExecutor.java:1128)
	at java.base/java.util.concurrent.ThreadPoolExecutor$Worker.run(ThreadPoolExecutor.java:628)
	at org.gradle.internal.concurrent.ThreadFactoryImpl$ManagedThreadRunnable.run(ThreadFactoryImpl.java:56)
	at java.base/java.lang.Thread.run(Thread.java:834)
15:17:16 ERROR c.t.q.s.tests.TestBase$MyListener - screenshot - ScreenShots/screen-1629548.png
15:17:16 INFO  c.telran.qa28.skelon.tests.TestBase - Test boardCreationTestDataProviderCSV finished
]]></system-out>
  <system-err><![CDATA[]]></system-err>
</testsuite>
