<!DOCTYPE html>
<html>
<head>
<meta http-equiv="Content-Type" content="text/html; charset=utf-8"/>
<meta http-equiv="x-ua-compatible" content="IE=edge"/>
<title>Test results - Class com.telran.qa28.skelon.tests.BoardCreationTests</title>
<link href="../css/base-style.css" rel="stylesheet" type="text/css"/>
<link href="../css/style.css" rel="stylesheet" type="text/css"/>
<script src="../js/report.js" type="text/javascript"></script>
</head>
<body>
<div id="content">
<h1>Class com.telran.qa28.skelon.tests.BoardCreationTests</h1>
<div class="breadcrumbs">
<a href="../index.html">all</a> &gt; 
<a href="../packages/com.telran.qa28.skelon.tests.html">com.telran.qa28.skelon.tests</a> &gt; BoardCreationTests</div>
<div id="summary">
<table>
<tr>
<td>
<div class="summaryGroup">
<table>
<tr>
<td>
<div class="infoBox" id="tests">
<div class="counter">11</div>
<p>tests</p>
</div>
</td>
<td>
<div class="infoBox" id="failures">
<div class="counter">2</div>
<p>failures</p>
</div>
</td>
<td>
<div class="infoBox" id="ignored">
<div class="counter">0</div>
<p>ignored</p>
</div>
</td>
<td>
<div class="infoBox" id="duration">
<div class="counter">2m8.12s</div>
<p>duration</p>
</div>
</td>
</tr>
</table>
</div>
</td>
<td>
<div class="infoBox failures" id="successRate">
<div class="percent">81%</div>
<p>successful</p>
</div>
</td>
</tr>
</table>
</div>
<div id="tabs">
<ul class="tabLinks">
<li>
<a href="#tab0">Failed tests</a>
</li>
<li>
<a href="#tab1">Tests</a>
</li>
<li>
<a href="#tab2">Standard output</a>
</li>
</ul>
<div id="tab0" class="tab">
<h2>Failed tests</h2>
<div class="test">
<a name="boardCreationTestDataProviderCSV[3](Board{boardName='A B C'})"></a>
<h3 class="failures">boardCreationTestDataProviderCSV[3](Board{boardName='A B C'})</h3>
<span class="code">
<pre>org.openqa.selenium.NoSuchElementException: no such element: Unable to locate element: {&quot;method&quot;:&quot;xpath&quot;,&quot;selector&quot;:&quot;//*[@data-test-id='create-board-submit-button']&quot;}
  (Session info: chrome=92.0.4515.159)
For documentation on this error, please visit: https://www.seleniumhq.org/exceptions/no_such_element.html
Build info: version: '3.141.59', revision: 'e82be7d358', time: '2018-11-14T08:17:03'
System info: host: 'DESKTOP-V8HD5F2', ip: '192.168.1.27', os.name: 'Windows 10', os.arch: 'amd64', os.version: '10.0', java.version: '11.0.11'
Driver info: org.openqa.selenium.chrome.ChromeDriver
Capabilities {acceptInsecureCerts: false, browserName: chrome, browserVersion: 92.0.4515.159, chrome: {chromedriverVersion: 92.0.4515.43 (8c61b7e2989f2..., userDataDir: C:\Users\User\AppData\Local...}, goog:chromeOptions: {debuggerAddress: localhost:59063}, javascriptEnabled: true, networkConnectionEnabled: false, pageLoadStrategy: normal, platform: WINDOWS, platformName: WINDOWS, proxy: Proxy(), setWindowRect: true, strictFileInteractability: false, timeouts: {implicit: 0, pageLoad: 300000, script: 30000}, unhandledPromptBehavior: dismiss and notify, webauthn:extension:credBlob: true, webauthn:extension:largeBlob: true, webauthn:virtualAuthenticators: true}
Session ID: fd30429f824efb859a03ce85d3513dc5
*** Element info: {Using=xpath, value=//*[@data-test-id='create-board-submit-button']}
	at java.base/jdk.internal.reflect.NativeConstructorAccessorImpl.newInstance0(Native Method)
	at java.base/jdk.internal.reflect.NativeConstructorAccessorImpl.newInstance(NativeConstructorAccessorImpl.java:62)
	at java.base/jdk.internal.reflect.DelegatingConstructorAccessorImpl.newInstance(DelegatingConstructorAccessorImpl.java:45)
	at java.base/java.lang.reflect.Constructor.newInstance(Constructor.java:490)
	at org.openqa.selenium.remote.http.W3CHttpResponseCodec.createException(W3CHttpResponseCodec.java:187)
	at org.openqa.selenium.remote.http.W3CHttpResponseCodec.decode(W3CHttpResponseCodec.java:122)
	at org.openqa.selenium.remote.http.W3CHttpResponseCodec.decode(W3CHttpResponseCodec.java:49)
	at org.openqa.selenium.remote.HttpCommandExecutor.execute(HttpCommandExecutor.java:158)
	at org.openqa.selenium.remote.service.DriverCommandExecutor.execute(DriverCommandExecutor.java:83)
	at org.openqa.selenium.remote.RemoteWebDriver.execute(RemoteWebDriver.java:552)
	at org.openqa.selenium.remote.RemoteWebDriver.findElement(RemoteWebDriver.java:323)
	at org.openqa.selenium.remote.RemoteWebDriver.findElementByXPath(RemoteWebDriver.java:428)
	at org.openqa.selenium.By$ByXPath.findElement(By.java:353)
	at org.openqa.selenium.remote.RemoteWebDriver.findElement(RemoteWebDriver.java:315)
	at jdk.internal.reflect.GeneratedMethodAccessor3.invoke(Unknown Source)
	at java.base/jdk.internal.reflect.DelegatingMethodAccessorImpl.invoke(DelegatingMethodAccessorImpl.java:43)
	at java.base/java.lang.reflect.Method.invoke(Method.java:566)
	at org.openqa.selenium.support.events.EventFiringWebDriver.lambda$new$1(EventFiringWebDriver.java:105)
	at com.sun.proxy.$Proxy15.findElement(Unknown Source)
	at org.openqa.selenium.support.events.EventFiringWebDriver.findElement(EventFiringWebDriver.java:194)
	at com.telran.qa28.skelon.framework.HelperBase.click(HelperBase.java:23)
	at com.telran.qa28.skelon.framework.BoardHelper.confirmBoardCreation(BoardHelper.java:22)
	at com.telran.qa28.skelon.tests.BoardCreationTests.boardCreationTestDataProviderCSV(BoardCreationTests.java:111)
	at java.base/jdk.internal.reflect.NativeMethodAccessorImpl.invoke0(Native Method)
	at java.base/jdk.internal.reflect.NativeMethodAccessorImpl.invoke(NativeMethodAccessorImpl.java:62)
	at java.base/jdk.internal.reflect.DelegatingMethodAccessorImpl.invoke(DelegatingMethodAccessorImpl.java:43)
	at java.base/java.lang.reflect.Method.invoke(Method.java:566)
	at org.testng.internal.MethodInvocationHelper.invokeMethod(MethodInvocationHelper.java:134)
	at org.testng.internal.TestInvoker.invokeMethod(TestInvoker.java:597)
	at org.testng.internal.TestInvoker.invokeTestMethod(TestInvoker.java:173)
	at org.testng.internal.MethodRunner.runInSequence(MethodRunner.java:46)
	at org.testng.internal.TestInvoker$MethodInvocationAgent.invoke(TestInvoker.java:816)
	at org.testng.internal.TestInvoker.invokeTestMethods(TestInvoker.java:146)
	at org.testng.internal.TestMethodWorker.invokeTestMethods(TestMethodWorker.java:146)
	at org.testng.internal.TestMethodWorker.run(TestMethodWorker.java:128)
	at java.base/java.util.ArrayList.forEach(ArrayList.java:1541)
	at org.testng.TestRunner.privateRun(TestRunner.java:766)
	at org.testng.TestRunner.run(TestRunner.java:587)
	at org.testng.SuiteRunner.runTest(SuiteRunner.java:384)
	at org.testng.SuiteRunner.runSequentially(SuiteRunner.java:378)
	at org.testng.SuiteRunner.privateRun(SuiteRunner.java:337)
	at org.testng.SuiteRunner.run(SuiteRunner.java:286)
	at org.testng.SuiteRunnerWorker.runSuite(SuiteRunnerWorker.java:53)
	at org.testng.SuiteRunnerWorker.run(SuiteRunnerWorker.java:96)
	at org.testng.TestNG.runSuitesSequentially(TestNG.java:1187)
	at org.testng.TestNG.runSuitesLocally(TestNG.java:1109)
	at org.testng.TestNG.runSuites(TestNG.java:1039)
	at org.testng.TestNG.run(TestNG.java:1007)
	at org.gradle.api.internal.tasks.testing.testng.TestNGTestClassProcessor.runTests(TestNGTestClassProcessor.java:141)
	at org.gradle.api.internal.tasks.testing.testng.TestNGTestClassProcessor.stop(TestNGTestClassProcessor.java:90)
	at org.gradle.api.internal.tasks.testing.SuiteTestClassProcessor.stop(SuiteTestClassProcessor.java:61)
	at java.base/jdk.internal.reflect.NativeMethodAccessorImpl.invoke0(Native Method)
	at java.base/jdk.internal.reflect.NativeMethodAccessorImpl.invoke(NativeMethodAccessorImpl.java:62)
	at java.base/jdk.internal.reflect.DelegatingMethodAccessorImpl.invoke(DelegatingMethodAccessorImpl.java:43)
	at java.base/java.lang.reflect.Method.invoke(Method.java:566)
	at org.gradle.internal.dispatch.ReflectionDispatch.dispatch(ReflectionDispatch.java:36)
	at org.gradle.internal.dispatch.ReflectionDispatch.dispatch(ReflectionDispatch.java:24)
	at org.gradle.internal.dispatch.ContextClassLoaderDispatch.dispatch(ContextClassLoaderDispatch.java:33)
	at org.gradle.internal.dispatch.ProxyDispatchAdapter$DispatchingInvocationHandler.invoke(ProxyDispatchAdapter.java:94)
	at com.sun.proxy.$Proxy2.stop(Unknown Source)
	at org.gradle.api.internal.tasks.testing.worker.TestWorker.stop(TestWorker.java:133)
	at java.base/jdk.internal.reflect.NativeMethodAccessorImpl.invoke0(Native Method)
	at java.base/jdk.internal.reflect.NativeMethodAccessorImpl.invoke(NativeMethodAccessorImpl.java:62)
	at java.base/jdk.internal.reflect.DelegatingMethodAccessorImpl.invoke(DelegatingMethodAccessorImpl.java:43)
	at java.base/java.lang.reflect.Method.invoke(Method.java:566)
	at org.gradle.internal.dispatch.ReflectionDispatch.dispatch(ReflectionDispatch.java:36)
	at org.gradle.internal.dispatch.ReflectionDispatch.dispatch(ReflectionDispatch.java:24)
	at org.gradle.internal.remote.internal.hub.MessageHubBackedObjectConnection$DispatchWrapper.dispatch(MessageHubBackedObjectConnection.java:182)
	at org.gradle.internal.remote.internal.hub.MessageHubBackedObjectConnection$DispatchWrapper.dispatch(MessageHubBackedObjectConnection.java:164)
	at org.gradle.internal.remote.internal.hub.MessageHub$Handler.run(MessageHub.java:414)
	at org.gradle.internal.concurrent.ExecutorPolicy$CatchAndRecordFailures.onExecute(ExecutorPolicy.java:64)
	at org.gradle.internal.concurrent.ManagedExecutorImpl$1.run(ManagedExecutorImpl.java:48)
	at java.base/java.util.concurrent.ThreadPoolExecutor.runWorker(ThreadPoolExecutor.java:1128)
	at java.base/java.util.concurrent.ThreadPoolExecutor$Worker.run(ThreadPoolExecutor.java:628)
	at org.gradle.internal.concurrent.ThreadFactoryImpl$ManagedThreadRunnable.run(ThreadFactoryImpl.java:56)
	at java.base/java.lang.Thread.run(Thread.java:834)
</pre>
</span>
</div>
<div class="test">
<a name="boardCreationTestDataProviderCSV[4](Board{boardName='A1$s'})"></a>
<h3 class="failures">boardCreationTestDataProviderCSV[4](Board{boardName='A1$s'})</h3>
<span class="code">
<pre>org.openqa.selenium.ElementClickInterceptedException: element click intercepted: Element &lt;button class=&quot;_2Hkk1T39xw4RMQ _3TTqkG5muwOzqZ ZOUktZwsING7-0 _3LWeD13GUCngAu&quot; data-test-id=&quot;header-create-menu-button&quot; type=&quot;button&quot; aria-label=&quot;Create board or Workspace&quot;&gt;...&lt;/button&gt; is not clickable at point (1238, 20). Other element would receive the click: &lt;div class=&quot;_343EhxI8lu8-ih _2E51xGpnYJSdNA _25mU3FaRo7l95D&quot;&gt;...&lt;/div&gt;
  (Session info: chrome=92.0.4515.159)
Build info: version: '3.141.59', revision: 'e82be7d358', time: '2018-11-14T08:17:03'
System info: host: 'DESKTOP-V8HD5F2', ip: '192.168.1.27', os.name: 'Windows 10', os.arch: 'amd64', os.version: '10.0', java.version: '11.0.11'
Driver info: org.openqa.selenium.chrome.ChromeDriver
Capabilities {acceptInsecureCerts: false, browserName: chrome, browserVersion: 92.0.4515.159, chrome: {chromedriverVersion: 92.0.4515.43 (8c61b7e2989f2..., userDataDir: C:\Users\User\AppData\Local...}, goog:chromeOptions: {debuggerAddress: localhost:59063}, javascriptEnabled: true, networkConnectionEnabled: false, pageLoadStrategy: normal, platform: WINDOWS, platformName: WINDOWS, proxy: Proxy(), setWindowRect: true, strictFileInteractability: false, timeouts: {implicit: 0, pageLoad: 300000, script: 30000}, unhandledPromptBehavior: dismiss and notify, webauthn:extension:credBlob: true, webauthn:extension:largeBlob: true, webauthn:virtualAuthenticators: true}
Session ID: fd30429f824efb859a03ce85d3513dc5
	at java.base/jdk.internal.reflect.NativeConstructorAccessorImpl.newInstance0(Native Method)
	at java.base/jdk.internal.reflect.NativeConstructorAccessorImpl.newInstance(NativeConstructorAccessorImpl.java:62)
	at java.base/jdk.internal.reflect.DelegatingConstructorAccessorImpl.newInstance(DelegatingConstructorAccessorImpl.java:45)
	at java.base/java.lang.reflect.Constructor.newInstance(Constructor.java:490)
	at org.openqa.selenium.remote.http.W3CHttpResponseCodec.createException(W3CHttpResponseCodec.java:187)
	at org.openqa.selenium.remote.http.W3CHttpResponseCodec.decode(W3CHttpResponseCodec.java:122)
	at org.openqa.selenium.remote.http.W3CHttpResponseCodec.decode(W3CHttpResponseCodec.java:49)
	at org.openqa.selenium.remote.HttpCommandExecutor.execute(HttpCommandExecutor.java:158)
	at org.openqa.selenium.remote.service.DriverCommandExecutor.execute(DriverCommandExecutor.java:83)
	at org.openqa.selenium.remote.RemoteWebDriver.execute(RemoteWebDriver.java:552)
	at org.openqa.selenium.remote.RemoteWebElement.execute(RemoteWebElement.java:285)
	at org.openqa.selenium.remote.RemoteWebElement.click(RemoteWebElement.java:84)
	at jdk.internal.reflect.GeneratedMethodAccessor5.invoke(Unknown Source)
	at java.base/jdk.internal.reflect.DelegatingMethodAccessorImpl.invoke(DelegatingMethodAccessorImpl.java:43)
	at java.base/java.lang.reflect.Method.invoke(Method.java:566)
	at org.openqa.selenium.support.events.EventFiringWebDriver$EventFiringWebElement.lambda$new$0(EventFiringWebDriver.java:404)
	at com.sun.proxy.$Proxy16.click(Unknown Source)
	at org.openqa.selenium.support.events.EventFiringWebDriver$EventFiringWebElement.click(EventFiringWebDriver.java:417)
	at com.telran.qa28.skelon.framework.HelperBase.click(HelperBase.java:23)
	at com.telran.qa28.skelon.framework.HelperBase.clickOnPlusButton(HelperBase.java:57)
	at com.telran.qa28.skelon.tests.BoardCreationTests.boardCreationTestDataProviderCSV(BoardCreationTests.java:108)
	at java.base/jdk.internal.reflect.NativeMethodAccessorImpl.invoke0(Native Method)
	at java.base/jdk.internal.reflect.NativeMethodAccessorImpl.invoke(NativeMethodAccessorImpl.java:62)
	at java.base/jdk.internal.reflect.DelegatingMethodAccessorImpl.invoke(DelegatingMethodAccessorImpl.java:43)
	at java.base/java.lang.reflect.Method.invoke(Method.java:566)
	at org.testng.internal.MethodInvocationHelper.invokeMethod(MethodInvocationHelper.java:134)
	at org.testng.internal.TestInvoker.invokeMethod(TestInvoker.java:597)
	at org.testng.internal.TestInvoker.invokeTestMethod(TestInvoker.java:173)
	at org.testng.internal.MethodRunner.runInSequence(MethodRunner.java:46)
	at org.testng.internal.TestInvoker$MethodInvocationAgent.invoke(TestInvoker.java:816)
	at org.testng.internal.TestInvoker.invokeTestMethods(TestInvoker.java:146)
	at org.testng.internal.TestMethodWorker.invokeTestMethods(TestMethodWorker.java:146)
	at org.testng.internal.TestMethodWorker.run(TestMethodWorker.java:128)
	at java.base/java.util.ArrayList.forEach(ArrayList.java:1541)
	at org.testng.TestRunner.privateRun(TestRunner.java:766)
	at org.testng.TestRunner.run(TestRunner.java:587)
	at org.testng.SuiteRunner.runTest(SuiteRunner.java:384)
	at org.testng.SuiteRunner.runSequentially(SuiteRunner.java:378)
	at org.testng.SuiteRunner.privateRun(SuiteRunner.java:337)
	at org.testng.SuiteRunner.run(SuiteRunner.java:286)
	at org.testng.SuiteRunnerWorker.runSuite(SuiteRunnerWorker.java:53)
	at org.testng.SuiteRunnerWorker.run(SuiteRunnerWorker.java:96)
	at org.testng.TestNG.runSuitesSequentially(TestNG.java:1187)
	at org.testng.TestNG.runSuitesLocally(TestNG.java:1109)
	at org.testng.TestNG.runSuites(TestNG.java:1039)
	at org.testng.TestNG.run(TestNG.java:1007)
	at org.gradle.api.internal.tasks.testing.testng.TestNGTestClassProcessor.runTests(TestNGTestClassProcessor.java:141)
	at org.gradle.api.internal.tasks.testing.testng.TestNGTestClassProcessor.stop(TestNGTestClassProcessor.java:90)
	at org.gradle.api.internal.tasks.testing.SuiteTestClassProcessor.stop(SuiteTestClassProcessor.java:61)
	at java.base/jdk.internal.reflect.NativeMethodAccessorImpl.invoke0(Native Method)
	at java.base/jdk.internal.reflect.NativeMethodAccessorImpl.invoke(NativeMethodAccessorImpl.java:62)
	at java.base/jdk.internal.reflect.DelegatingMethodAccessorImpl.invoke(DelegatingMethodAccessorImpl.java:43)
	at java.base/java.lang.reflect.Method.invoke(Method.java:566)
	at org.gradle.internal.dispatch.ReflectionDispatch.dispatch(ReflectionDispatch.java:36)
	at org.gradle.internal.dispatch.ReflectionDispatch.dispatch(ReflectionDispatch.java:24)
	at org.gradle.internal.dispatch.ContextClassLoaderDispatch.dispatch(ContextClassLoaderDispatch.java:33)
	at org.gradle.internal.dispatch.ProxyDispatchAdapter$DispatchingInvocationHandler.invoke(ProxyDispatchAdapter.java:94)
	at com.sun.proxy.$Proxy2.stop(Unknown Source)
	at org.gradle.api.internal.tasks.testing.worker.TestWorker.stop(TestWorker.java:133)
	at java.base/jdk.internal.reflect.NativeMethodAccessorImpl.invoke0(Native Method)
	at java.base/jdk.internal.reflect.NativeMethodAccessorImpl.invoke(NativeMethodAccessorImpl.java:62)
	at java.base/jdk.internal.reflect.DelegatingMethodAccessorImpl.invoke(DelegatingMethodAccessorImpl.java:43)
	at java.base/java.lang.reflect.Method.invoke(Method.java:566)
	at org.gradle.internal.dispatch.ReflectionDispatch.dispatch(ReflectionDispatch.java:36)
	at org.gradle.internal.dispatch.ReflectionDispatch.dispatch(ReflectionDispatch.java:24)
	at org.gradle.internal.remote.internal.hub.MessageHubBackedObjectConnection$DispatchWrapper.dispatch(MessageHubBackedObjectConnection.java:182)
	at org.gradle.internal.remote.internal.hub.MessageHubBackedObjectConnection$DispatchWrapper.dispatch(MessageHubBackedObjectConnection.java:164)
	at org.gradle.internal.remote.internal.hub.MessageHub$Handler.run(MessageHub.java:414)
	at org.gradle.internal.concurrent.ExecutorPolicy$CatchAndRecordFailures.onExecute(ExecutorPolicy.java:64)
	at org.gradle.internal.concurrent.ManagedExecutorImpl$1.run(ManagedExecutorImpl.java:48)
	at java.base/java.util.concurrent.ThreadPoolExecutor.runWorker(ThreadPoolExecutor.java:1128)
	at java.base/java.util.concurrent.ThreadPoolExecutor$Worker.run(ThreadPoolExecutor.java:628)
	at org.gradle.internal.concurrent.ThreadFactoryImpl$ManagedThreadRunnable.run(ThreadFactoryImpl.java:56)
	at java.base/java.lang.Thread.run(Thread.java:834)
</pre>
</span>
</div>
</div>
<div id="tab1" class="tab">
<h2>Tests</h2>
<table>
<thead>
<tr>
<th>Test</th>
<th>Duration</th>
<th>Result</th>
</tr>
</thead>
<tr>
<td class="success">boardCreationTest</td>
<td class="success">22.537s</td>
<td class="success">passed</td>
</tr>
<tr>
<td class="success">boardCreationTestDataProvider1[0](a)</td>
<td class="success">11.365s</td>
<td class="success">passed</td>
</tr>
<tr>
<td class="success">boardCreationTestDataProvider1[1](123456)</td>
<td class="success">10.600s</td>
<td class="success">passed</td>
</tr>
<tr>
<td class="success">boardCreationTestDataProvider1[2](QWERTY)</td>
<td class="success">11.284s</td>
<td class="success">passed</td>
</tr>
<tr>
<td class="success">boardCreationTestDataProvider1[3](@#$%^)</td>
<td class="success">10.857s</td>
<td class="success">passed</td>
</tr>
<tr>
<td class="success">boardCreationTestDataProvider1[4](A S D F)</td>
<td class="success">10.738s</td>
<td class="success">passed</td>
</tr>
<tr>
<td class="success">boardCreationTestDataProviderCSV[0](Board{boardName='qwerty1'})</td>
<td class="success">10.119s</td>
<td class="success">passed</td>
</tr>
<tr>
<td class="success">boardCreationTestDataProviderCSV[1](Board{boardName='123456$'})</td>
<td class="success">10.009s</td>
<td class="success">passed</td>
</tr>
<tr>
<td class="success">boardCreationTestDataProviderCSV[2](Board{boardName='AAAAAAAAAAA'})</td>
<td class="success">9.940s</td>
<td class="success">passed</td>
</tr>
<tr>
<td class="failures">boardCreationTestDataProviderCSV[3](Board{boardName='A B C'})</td>
<td class="failures">15.178s</td>
<td class="failures">failed</td>
</tr>
<tr>
<td class="failures">boardCreationTestDataProviderCSV[4](Board{boardName='A1$s'})</td>
<td class="failures">5.490s</td>
<td class="failures">failed</td>
</tr>
</table>
</div>
<div id="tab2" class="tab">
<h2>Standard output</h2>
<span class="code">
<pre>15:14:50 INFO  c.telran.qa28.skelon.tests.TestBase - Test boardCreationTest started with parametres - []
15:14:50 INFO  c.t.q.s.tests.TestBase$MyListener - Start search element By.xpath: //*[@data-test-id='header-member-menu-button']
15:15:00 INFO  c.t.q.s.tests.TestBase$MyListener - Element By.xpath: //*[@data-test-id='header-member-menu-button'] found
15:15:00 INFO  c.t.q.s.tests.TestBase$MyListener - Start search element By.xpath: //a[@href='/login']
15:15:00 INFO  c.t.q.s.tests.TestBase$MyListener - Element By.xpath: //a[@href='/login'] found
15:15:02 INFO  c.t.q.s.tests.TestBase$MyListener - Start search element By.xpath: //*[@name = 'user']
15:15:02 INFO  c.t.q.s.tests.TestBase$MyListener - Element By.xpath: //*[@name = 'user'] found
15:15:02 INFO  c.t.q.s.tests.TestBase$MyListener - Start search element By.xpath: //*[@name = 'user']
15:15:02 INFO  c.t.q.s.tests.TestBase$MyListener - Element By.xpath: //*[@name = 'user'] found
15:15:02 INFO  c.t.q.s.tests.TestBase$MyListener - Start search element By.xpath: //*[@name = 'user']
15:15:02 INFO  c.t.q.s.tests.TestBase$MyListener - Element By.xpath: //*[@name = 'user'] found
15:15:05 INFO  c.t.q.s.tests.TestBase$MyListener - Start search element By.xpath: //input[@id='login']
15:15:05 INFO  c.t.q.s.tests.TestBase$MyListener - Element By.xpath: //input[@id='login'] found
15:15:07 INFO  c.t.q.s.tests.TestBase$MyListener - Start search element By.xpath: //*[@name = 'password']
15:15:07 INFO  c.t.q.s.tests.TestBase$MyListener - Element By.xpath: //*[@name = 'password'] found
15:15:07 INFO  c.t.q.s.tests.TestBase$MyListener - Start search element By.xpath: //*[@name = 'password']
15:15:07 INFO  c.t.q.s.tests.TestBase$MyListener - Element By.xpath: //*[@name = 'password'] found
15:15:08 INFO  c.t.q.s.tests.TestBase$MyListener - Start search element By.xpath: //*[@name = 'password']
15:15:08 INFO  c.t.q.s.tests.TestBase$MyListener - Element By.xpath: //*[@name = 'password'] found
15:15:08 INFO  c.t.q.s.tests.TestBase$MyListener - Start search element By.xpath: //button[@id='login-submit']
15:15:08 INFO  c.t.q.s.tests.TestBase$MyListener - Element By.xpath: //button[@id='login-submit'] found
15:15:13 INFO  c.t.q.s.tests.TestBase$MyListener - Start search element By.xpath: //*[contains(@class, 'boards-page-board-section-header-icon-default-image')]/../../../..//li
15:15:21 INFO  c.t.q.s.tests.TestBase$MyListener - Element By.xpath: //*[contains(@class, 'boards-page-board-section-header-icon-default-image')]/../../../..//li found
15:15:21 INFO  c.t.q.s.tests.TestBase$MyListener - Start search element By.xpath: //*[@data-test-id='header-create-menu-button']
15:15:21 INFO  c.t.q.s.tests.TestBase$MyListener - Element By.xpath: //*[@data-test-id='header-create-menu-button'] found
15:15:21 INFO  c.t.q.s.tests.TestBase$MyListener - Start search element By.xpath: //*[@data-test-id='header-create-board-button']
15:15:21 INFO  c.t.q.s.tests.TestBase$MyListener - Element By.xpath: //*[@data-test-id='header-create-board-button'] found
15:15:21 INFO  c.t.q.s.tests.TestBase$MyListener - Start search element By.xpath: //*[@data-test-id='create-board-title-input']
15:15:21 INFO  c.t.q.s.tests.TestBase$MyListener - Element By.xpath: //*[@data-test-id='create-board-title-input'] found
15:15:21 INFO  c.t.q.s.tests.TestBase$MyListener - Start search element By.xpath: //*[@data-test-id='create-board-title-input']
15:15:21 INFO  c.t.q.s.tests.TestBase$MyListener - Element By.xpath: //*[@data-test-id='create-board-title-input'] found
15:15:21 INFO  c.t.q.s.tests.TestBase$MyListener - Start search element By.xpath: //*[@data-test-id='create-board-title-input']
15:15:21 INFO  c.t.q.s.tests.TestBase$MyListener - Element By.xpath: //*[@data-test-id='create-board-title-input'] found
15:15:22 INFO  c.t.q.s.tests.TestBase$MyListener - Start search element By.xpath: //*[@data-test-id='create-board-submit-button']
15:15:22 INFO  c.t.q.s.tests.TestBase$MyListener - Element By.xpath: //*[@data-test-id='create-board-submit-button'] found
15:15:23 INFO  c.t.q.s.tests.TestBase$MyListener - Start search element By.cssSelector: .open-add-list
15:15:28 INFO  c.t.q.s.tests.TestBase$MyListener - Element By.cssSelector: .open-add-list found
15:15:28 INFO  c.t.q.s.tests.TestBase$MyListener - Start search element By.xpath: //h1
15:15:28 INFO  c.t.q.s.tests.TestBase$MyListener - Element By.xpath: //h1 found
15:15:28 INFO  c.t.q.s.tests.TestBase$MyListener - Start search element By.cssSelector: [aria-label='HouseIcon']
15:15:28 INFO  c.t.q.s.tests.TestBase$MyListener - Element By.cssSelector: [aria-label='HouseIcon'] found
15:15:28 INFO  c.t.q.s.tests.TestBase$MyListener - Start search element By.cssSelector: [aria-label='HouseIcon']
15:15:28 INFO  c.t.q.s.tests.TestBase$MyListener - Element By.cssSelector: [aria-label='HouseIcon'] found
15:15:30 INFO  c.t.q.s.tests.TestBase$MyListener - Start search element By.xpath: //*[contains(@class, 'boards-page-board-section-header-icon-default-image')]/../../../..//li
15:15:30 INFO  c.t.q.s.tests.TestBase$MyListener - Element By.xpath: //*[contains(@class, 'boards-page-board-section-header-icon-default-image')]/../../../..//li found
Boards - 2
15:15:30 INFO  c.telran.qa28.skelon.tests.TestBase - Test boardCreationTest finished
15:15:30 INFO  c.telran.qa28.skelon.tests.TestBase - Test boardCreationTestDataProvider1 started with parametres - [a]
15:15:30 INFO  c.t.q.s.tests.TestBase$MyListener - Start search element By.xpath: //*[@data-test-id='header-member-menu-button']
15:15:30 INFO  c.t.q.s.tests.TestBase$MyListener - Element By.xpath: //*[@data-test-id='header-member-menu-button'] found
15:15:35 INFO  c.t.q.s.tests.TestBase$MyListener - Start search element By.xpath: //*[contains(@class, 'boards-page-board-section-header-icon-default-image')]/../../../..//li
15:15:35 INFO  c.t.q.s.tests.TestBase$MyListener - Element By.xpath: //*[contains(@class, 'boards-page-board-section-header-icon-default-image')]/../../../..//li found
15:15:35 INFO  c.t.q.s.tests.TestBase$MyListener - Start search element By.xpath: //*[@data-test-id='header-create-menu-button']
15:15:35 INFO  c.t.q.s.tests.TestBase$MyListener - Element By.xpath: //*[@data-test-id='header-create-menu-button'] found
15:15:36 INFO  c.t.q.s.tests.TestBase$MyListener - Start search element By.xpath: //*[@data-test-id='header-create-board-button']
15:15:36 INFO  c.t.q.s.tests.TestBase$MyListener - Element By.xpath: //*[@data-test-id='header-create-board-button'] found
15:15:36 INFO  c.t.q.s.tests.TestBase$MyListener - Start search element By.xpath: //*[@data-test-id='create-board-title-input']
15:15:36 INFO  c.t.q.s.tests.TestBase$MyListener - Element By.xpath: //*[@data-test-id='create-board-title-input'] found
15:15:36 INFO  c.t.q.s.tests.TestBase$MyListener - Start search element By.xpath: //*[@data-test-id='create-board-title-input']
15:15:36 INFO  c.t.q.s.tests.TestBase$MyListener - Element By.xpath: //*[@data-test-id='create-board-title-input'] found
15:15:36 INFO  c.t.q.s.tests.TestBase$MyListener - Start search element By.xpath: //*[@data-test-id='create-board-title-input']
15:15:36 INFO  c.t.q.s.tests.TestBase$MyListener - Element By.xpath: //*[@data-test-id='create-board-title-input'] found
15:15:36 INFO  c.t.q.s.tests.TestBase$MyListener - Start search element By.xpath: //*[@data-test-id='create-board-submit-button']
15:15:36 INFO  c.t.q.s.tests.TestBase$MyListener - Element By.xpath: //*[@data-test-id='create-board-submit-button'] found
15:15:37 INFO  c.t.q.s.tests.TestBase$MyListener - Start search element By.cssSelector: .open-add-list
15:15:39 INFO  c.t.q.s.tests.TestBase$MyListener - Element By.cssSelector: .open-add-list found
15:15:39 INFO  c.t.q.s.tests.TestBase$MyListener - Start search element By.xpath: //h1
15:15:39 INFO  c.t.q.s.tests.TestBase$MyListener - Element By.xpath: //h1 found
15:15:39 INFO  c.t.q.s.tests.TestBase$MyListener - Start search element By.cssSelector: [aria-label='HouseIcon']
15:15:39 INFO  c.t.q.s.tests.TestBase$MyListener - Element By.cssSelector: [aria-label='HouseIcon'] found
15:15:39 INFO  c.t.q.s.tests.TestBase$MyListener - Start search element By.cssSelector: [aria-label='HouseIcon']
15:15:39 INFO  c.t.q.s.tests.TestBase$MyListener - Element By.cssSelector: [aria-label='HouseIcon'] found
15:15:42 INFO  c.t.q.s.tests.TestBase$MyListener - Start search element By.xpath: //*[contains(@class, 'boards-page-board-section-header-icon-default-image')]/../../../..//li
15:15:42 INFO  c.t.q.s.tests.TestBase$MyListener - Element By.xpath: //*[contains(@class, 'boards-page-board-section-header-icon-default-image')]/../../../..//li found
Boards - 3
15:15:42 INFO  c.telran.qa28.skelon.tests.TestBase - Test boardCreationTestDataProvider1 finished
15:15:42 INFO  c.telran.qa28.skelon.tests.TestBase - Test boardCreationTestDataProvider1 started with parametres - [123456]
15:15:42 INFO  c.t.q.s.tests.TestBase$MyListener - Start search element By.xpath: //*[@data-test-id='header-member-menu-button']
15:15:42 INFO  c.t.q.s.tests.TestBase$MyListener - Element By.xpath: //*[@data-test-id='header-member-menu-button'] found
15:15:47 INFO  c.t.q.s.tests.TestBase$MyListener - Start search element By.xpath: //*[contains(@class, 'boards-page-board-section-header-icon-default-image')]/../../../..//li
15:15:47 INFO  c.t.q.s.tests.TestBase$MyListener - Element By.xpath: //*[contains(@class, 'boards-page-board-section-header-icon-default-image')]/../../../..//li found
15:15:47 INFO  c.t.q.s.tests.TestBase$MyListener - Start search element By.xpath: //*[@data-test-id='header-create-menu-button']
15:15:47 INFO  c.t.q.s.tests.TestBase$MyListener - Element By.xpath: //*[@data-test-id='header-create-menu-button'] found
15:15:47 INFO  c.t.q.s.tests.TestBase$MyListener - Start search element By.xpath: //*[@data-test-id='header-create-board-button']
15:15:47 INFO  c.t.q.s.tests.TestBase$MyListener - Element By.xpath: //*[@data-test-id='header-create-board-button'] found
15:15:47 INFO  c.t.q.s.tests.TestBase$MyListener - Start search element By.xpath: //*[@data-test-id='create-board-title-input']
15:15:47 INFO  c.t.q.s.tests.TestBase$MyListener - Element By.xpath: //*[@data-test-id='create-board-title-input'] found
15:15:47 INFO  c.t.q.s.tests.TestBase$MyListener - Start search element By.xpath: //*[@data-test-id='create-board-title-input']
15:15:47 INFO  c.t.q.s.tests.TestBase$MyListener - Element By.xpath: //*[@data-test-id='create-board-title-input'] found
15:15:47 INFO  c.t.q.s.tests.TestBase$MyListener - Start search element By.xpath: //*[@data-test-id='create-board-title-input']
15:15:47 INFO  c.t.q.s.tests.TestBase$MyListener - Element By.xpath: //*[@data-test-id='create-board-title-input'] found
15:15:48 INFO  c.t.q.s.tests.TestBase$MyListener - Start search element By.xpath: //*[@data-test-id='create-board-submit-button']
15:15:48 INFO  c.t.q.s.tests.TestBase$MyListener - Element By.xpath: //*[@data-test-id='create-board-submit-button'] found
15:15:48 INFO  c.t.q.s.tests.TestBase$MyListener - Start search element By.cssSelector: .open-add-list
15:15:50 INFO  c.t.q.s.tests.TestBase$MyListener - Element By.cssSelector: .open-add-list found
15:15:50 INFO  c.t.q.s.tests.TestBase$MyListener - Start search element By.xpath: //h1
15:15:50 INFO  c.t.q.s.tests.TestBase$MyListener - Element By.xpath: //h1 found
15:15:50 INFO  c.t.q.s.tests.TestBase$MyListener - Start search element By.cssSelector: [aria-label='HouseIcon']
15:15:50 INFO  c.t.q.s.tests.TestBase$MyListener - Element By.cssSelector: [aria-label='HouseIcon'] found
15:15:50 INFO  c.t.q.s.tests.TestBase$MyListener - Start search element By.cssSelector: [aria-label='HouseIcon']
15:15:50 INFO  c.t.q.s.tests.TestBase$MyListener - Element By.cssSelector: [aria-label='HouseIcon'] found
15:15:52 INFO  c.t.q.s.tests.TestBase$MyListener - Start search element By.xpath: //*[contains(@class, 'boards-page-board-section-header-icon-default-image')]/../../../..//li
15:15:52 INFO  c.t.q.s.tests.TestBase$MyListener - Element By.xpath: //*[contains(@class, 'boards-page-board-section-header-icon-default-image')]/../../../..//li found
Boards - 4
15:15:52 INFO  c.telran.qa28.skelon.tests.TestBase - Test boardCreationTestDataProvider1 finished
15:15:52 INFO  c.telran.qa28.skelon.tests.TestBase - Test boardCreationTestDataProvider1 started with parametres - [QWERTY]
15:15:52 INFO  c.t.q.s.tests.TestBase$MyListener - Start search element By.xpath: //*[@data-test-id='header-member-menu-button']
15:15:52 INFO  c.t.q.s.tests.TestBase$MyListener - Element By.xpath: //*[@data-test-id='header-member-menu-button'] found
15:15:57 INFO  c.t.q.s.tests.TestBase$MyListener - Start search element By.xpath: //*[contains(@class, 'boards-page-board-section-header-icon-default-image')]/../../../..//li
15:15:57 INFO  c.t.q.s.tests.TestBase$MyListener - Element By.xpath: //*[contains(@class, 'boards-page-board-section-header-icon-default-image')]/../../../..//li found
15:15:57 INFO  c.t.q.s.tests.TestBase$MyListener - Start search element By.xpath: //*[@data-test-id='header-create-menu-button']
15:15:57 INFO  c.t.q.s.tests.TestBase$MyListener - Element By.xpath: //*[@data-test-id='header-create-menu-button'] found
15:15:58 INFO  c.t.q.s.tests.TestBase$MyListener - Start search element By.xpath: //*[@data-test-id='header-create-board-button']
15:15:58 INFO  c.t.q.s.tests.TestBase$MyListener - Element By.xpath: //*[@data-test-id='header-create-board-button'] found
15:15:58 INFO  c.t.q.s.tests.TestBase$MyListener - Start search element By.xpath: //*[@data-test-id='create-board-title-input']
15:15:58 INFO  c.t.q.s.tests.TestBase$MyListener - Element By.xpath: //*[@data-test-id='create-board-title-input'] found
15:15:58 INFO  c.t.q.s.tests.TestBase$MyListener - Start search element By.xpath: //*[@data-test-id='create-board-title-input']
15:15:58 INFO  c.t.q.s.tests.TestBase$MyListener - Element By.xpath: //*[@data-test-id='create-board-title-input'] found
15:15:58 INFO  c.t.q.s.tests.TestBase$MyListener - Start search element By.xpath: //*[@data-test-id='create-board-title-input']
15:15:58 INFO  c.t.q.s.tests.TestBase$MyListener - Element By.xpath: //*[@data-test-id='create-board-title-input'] found
15:15:59 INFO  c.t.q.s.tests.TestBase$MyListener - Start search element By.xpath: //*[@data-test-id='create-board-submit-button']
15:15:59 INFO  c.t.q.s.tests.TestBase$MyListener - Element By.xpath: //*[@data-test-id='create-board-submit-button'] found
15:15:59 INFO  c.t.q.s.tests.TestBase$MyListener - Start search element By.cssSelector: .open-add-list
15:16:01 INFO  c.t.q.s.tests.TestBase$MyListener - Element By.cssSelector: .open-add-list found
15:16:01 INFO  c.t.q.s.tests.TestBase$MyListener - Start search element By.xpath: //h1
15:16:01 INFO  c.t.q.s.tests.TestBase$MyListener - Element By.xpath: //h1 found
15:16:01 INFO  c.t.q.s.tests.TestBase$MyListener - Start search element By.cssSelector: [aria-label='HouseIcon']
15:16:01 INFO  c.t.q.s.tests.TestBase$MyListener - Element By.cssSelector: [aria-label='HouseIcon'] found
15:16:01 INFO  c.t.q.s.tests.TestBase$MyListener - Start search element By.cssSelector: [aria-label='HouseIcon']
15:16:01 INFO  c.t.q.s.tests.TestBase$MyListener - Element By.cssSelector: [aria-label='HouseIcon'] found
15:16:04 INFO  c.t.q.s.tests.TestBase$MyListener - Start search element By.xpath: //*[contains(@class, 'boards-page-board-section-header-icon-default-image')]/../../../..//li
15:16:04 INFO  c.t.q.s.tests.TestBase$MyListener - Element By.xpath: //*[contains(@class, 'boards-page-board-section-header-icon-default-image')]/../../../..//li found
Boards - 5
15:16:04 INFO  c.telran.qa28.skelon.tests.TestBase - Test boardCreationTestDataProvider1 finished
15:16:04 INFO  c.telran.qa28.skelon.tests.TestBase - Test boardCreationTestDataProvider1 started with parametres - [@#$%^]
15:16:04 INFO  c.t.q.s.tests.TestBase$MyListener - Start search element By.xpath: //*[@data-test-id='header-member-menu-button']
15:16:04 INFO  c.t.q.s.tests.TestBase$MyListener - Element By.xpath: //*[@data-test-id='header-member-menu-button'] found
15:16:09 INFO  c.t.q.s.tests.TestBase$MyListener - Start search element By.xpath: //*[contains(@class, 'boards-page-board-section-header-icon-default-image')]/../../../..//li
15:16:09 INFO  c.t.q.s.tests.TestBase$MyListener - Element By.xpath: //*[contains(@class, 'boards-page-board-section-header-icon-default-image')]/../../../..//li found
15:16:09 INFO  c.t.q.s.tests.TestBase$MyListener - Start search element By.xpath: //*[@data-test-id='header-create-menu-button']
15:16:09 INFO  c.t.q.s.tests.TestBase$MyListener - Element By.xpath: //*[@data-test-id='header-create-menu-button'] found
15:16:09 INFO  c.t.q.s.tests.TestBase$MyListener - Start search element By.xpath: //*[@data-test-id='header-create-board-button']
15:16:09 INFO  c.t.q.s.tests.TestBase$MyListener - Element By.xpath: //*[@data-test-id='header-create-board-button'] found
15:16:09 INFO  c.t.q.s.tests.TestBase$MyListener - Start search element By.xpath: //*[@data-test-id='create-board-title-input']
15:16:09 INFO  c.t.q.s.tests.TestBase$MyListener - Element By.xpath: //*[@data-test-id='create-board-title-input'] found
15:16:09 INFO  c.t.q.s.tests.TestBase$MyListener - Start search element By.xpath: //*[@data-test-id='create-board-title-input']
15:16:09 INFO  c.t.q.s.tests.TestBase$MyListener - Element By.xpath: //*[@data-test-id='create-board-title-input'] found
15:16:09 INFO  c.t.q.s.tests.TestBase$MyListener - Start search element By.xpath: //*[@data-test-id='create-board-title-input']
15:16:09 INFO  c.t.q.s.tests.TestBase$MyListener - Element By.xpath: //*[@data-test-id='create-board-title-input'] found
15:16:10 INFO  c.t.q.s.tests.TestBase$MyListener - Start search element By.xpath: //*[@data-test-id='create-board-submit-button']
15:16:10 INFO  c.t.q.s.tests.TestBase$MyListener - Element By.xpath: //*[@data-test-id='create-board-submit-button'] found
15:16:10 INFO  c.t.q.s.tests.TestBase$MyListener - Start search element By.cssSelector: .open-add-list
15:16:12 INFO  c.t.q.s.tests.TestBase$MyListener - Element By.cssSelector: .open-add-list found
15:16:12 INFO  c.t.q.s.tests.TestBase$MyListener - Start search element By.xpath: //h1
15:16:12 INFO  c.t.q.s.tests.TestBase$MyListener - Element By.xpath: //h1 found
15:16:12 INFO  c.t.q.s.tests.TestBase$MyListener - Start search element By.cssSelector: [aria-label='HouseIcon']
15:16:12 INFO  c.t.q.s.tests.TestBase$MyListener - Element By.cssSelector: [aria-label='HouseIcon'] found
15:16:12 INFO  c.t.q.s.tests.TestBase$MyListener - Start search element By.cssSelector: [aria-label='HouseIcon']
15:16:12 INFO  c.t.q.s.tests.TestBase$MyListener - Element By.cssSelector: [aria-label='HouseIcon'] found
15:16:15 INFO  c.t.q.s.tests.TestBase$MyListener - Start search element By.xpath: //*[contains(@class, 'boards-page-board-section-header-icon-default-image')]/../../../..//li
15:16:15 INFO  c.t.q.s.tests.TestBase$MyListener - Element By.xpath: //*[contains(@class, 'boards-page-board-section-header-icon-default-image')]/../../../..//li found
Boards - 6
15:16:15 INFO  c.telran.qa28.skelon.tests.TestBase - Test boardCreationTestDataProvider1 finished
15:16:15 INFO  c.telran.qa28.skelon.tests.TestBase - Test boardCreationTestDataProvider1 started with parametres - [A S D F]
15:16:15 INFO  c.t.q.s.tests.TestBase$MyListener - Start search element By.xpath: //*[@data-test-id='header-member-menu-button']
15:16:15 INFO  c.t.q.s.tests.TestBase$MyListener - Element By.xpath: //*[@data-test-id='header-member-menu-button'] found
15:16:20 INFO  c.t.q.s.tests.TestBase$MyListener - Start search element By.xpath: //*[contains(@class, 'boards-page-board-section-header-icon-default-image')]/../../../..//li
15:16:20 INFO  c.t.q.s.tests.TestBase$MyListener - Element By.xpath: //*[contains(@class, 'boards-page-board-section-header-icon-default-image')]/../../../..//li found
15:16:20 INFO  c.t.q.s.tests.TestBase$MyListener - Start search element By.xpath: //*[@data-test-id='header-create-menu-button']
15:16:20 INFO  c.t.q.s.tests.TestBase$MyListener - Element By.xpath: //*[@data-test-id='header-create-menu-button'] found
15:16:20 INFO  c.t.q.s.tests.TestBase$MyListener - Start search element By.xpath: //*[@data-test-id='header-create-board-button']
15:16:20 INFO  c.t.q.s.tests.TestBase$MyListener - Element By.xpath: //*[@data-test-id='header-create-board-button'] found
15:16:20 INFO  c.t.q.s.tests.TestBase$MyListener - Start search element By.xpath: //*[@data-test-id='create-board-title-input']
15:16:20 INFO  c.t.q.s.tests.TestBase$MyListener - Element By.xpath: //*[@data-test-id='create-board-title-input'] found
15:16:20 INFO  c.t.q.s.tests.TestBase$MyListener - Start search element By.xpath: //*[@data-test-id='create-board-title-input']
15:16:20 INFO  c.t.q.s.tests.TestBase$MyListener - Element By.xpath: //*[@data-test-id='create-board-title-input'] found
15:16:20 INFO  c.t.q.s.tests.TestBase$MyListener - Start search element By.xpath: //*[@data-test-id='create-board-title-input']
15:16:20 INFO  c.t.q.s.tests.TestBase$MyListener - Element By.xpath: //*[@data-test-id='create-board-title-input'] found
15:16:21 INFO  c.t.q.s.tests.TestBase$MyListener - Start search element By.xpath: //*[@data-test-id='create-board-submit-button']
15:16:21 INFO  c.t.q.s.tests.TestBase$MyListener - Element By.xpath: //*[@data-test-id='create-board-submit-button'] found
15:16:21 INFO  c.t.q.s.tests.TestBase$MyListener - Start search element By.cssSelector: .open-add-list
15:16:23 INFO  c.t.q.s.tests.TestBase$MyListener - Element By.cssSelector: .open-add-list found
15:16:23 INFO  c.t.q.s.tests.TestBase$MyListener - Start search element By.xpath: //h1
15:16:23 INFO  c.t.q.s.tests.TestBase$MyListener - Element By.xpath: //h1 found
15:16:23 INFO  c.t.q.s.tests.TestBase$MyListener - Start search element By.cssSelector: [aria-label='HouseIcon']
15:16:23 INFO  c.t.q.s.tests.TestBase$MyListener - Element By.cssSelector: [aria-label='HouseIcon'] found
15:16:23 INFO  c.t.q.s.tests.TestBase$MyListener - Start search element By.cssSelector: [aria-label='HouseIcon']
15:16:23 INFO  c.t.q.s.tests.TestBase$MyListener - Element By.cssSelector: [aria-label='HouseIcon'] found
15:16:25 INFO  c.t.q.s.tests.TestBase$MyListener - Start search element By.xpath: //*[contains(@class, 'boards-page-board-section-header-icon-default-image')]/../../../..//li
15:16:25 INFO  c.t.q.s.tests.TestBase$MyListener - Element By.xpath: //*[contains(@class, 'boards-page-board-section-header-icon-default-image')]/../../../..//li found
Boards - 7
15:16:25 INFO  c.telran.qa28.skelon.tests.TestBase - Test boardCreationTestDataProvider1 finished
15:16:25 INFO  c.telran.qa28.skelon.tests.TestBase - Test boardCreationTestDataProviderCSV started with parametres - [Board{boardName='qwerty1'}]
15:16:25 INFO  c.t.q.s.tests.TestBase$MyListener - Start search element By.xpath: //*[@data-test-id='header-member-menu-button']
15:16:25 INFO  c.t.q.s.tests.TestBase$MyListener - Element By.xpath: //*[@data-test-id='header-member-menu-button'] found
15:16:29 INFO  c.t.q.s.tests.TestBase$MyListener - Start search element By.xpath: //*[contains(@class, 'boards-page-board-section-header-icon-default-image')]/../../../..//li
15:16:29 INFO  c.t.q.s.tests.TestBase$MyListener - Element By.xpath: //*[contains(@class, 'boards-page-board-section-header-icon-default-image')]/../../../..//li found
15:16:29 INFO  c.t.q.s.tests.TestBase$MyListener - Start search element By.xpath: //*[@data-test-id='header-create-menu-button']
15:16:29 INFO  c.t.q.s.tests.TestBase$MyListener - Element By.xpath: //*[@data-test-id='header-create-menu-button'] found
15:16:30 INFO  c.t.q.s.tests.TestBase$MyListener - Start search element By.xpath: //*[@data-test-id='header-create-board-button']
15:16:30 INFO  c.t.q.s.tests.TestBase$MyListener - Element By.xpath: //*[@data-test-id='header-create-board-button'] found
15:16:30 INFO  c.t.q.s.tests.TestBase$MyListener - Start search element By.xpath: //*[@data-test-id='create-board-title-input']
15:16:30 INFO  c.t.q.s.tests.TestBase$MyListener - Element By.xpath: //*[@data-test-id='create-board-title-input'] found
15:16:30 INFO  c.t.q.s.tests.TestBase$MyListener - Start search element By.xpath: //*[@data-test-id='create-board-title-input']
15:16:30 INFO  c.t.q.s.tests.TestBase$MyListener - Element By.xpath: //*[@data-test-id='create-board-title-input'] found
15:16:30 INFO  c.t.q.s.tests.TestBase$MyListener - Start search element By.xpath: //*[@data-test-id='create-board-title-input']
15:16:30 INFO  c.t.q.s.tests.TestBase$MyListener - Element By.xpath: //*[@data-test-id='create-board-title-input'] found
15:16:30 INFO  c.t.q.s.tests.TestBase$MyListener - Start search element By.xpath: //*[@data-test-id='create-board-submit-button']
15:16:30 INFO  c.t.q.s.tests.TestBase$MyListener - Element By.xpath: //*[@data-test-id='create-board-submit-button'] found
15:16:30 INFO  c.t.q.s.tests.TestBase$MyListener - Start search element By.cssSelector: .open-add-list
15:16:33 INFO  c.t.q.s.tests.TestBase$MyListener - Element By.cssSelector: .open-add-list found
15:16:33 INFO  c.t.q.s.tests.TestBase$MyListener - Start search element By.xpath: //h1
15:16:33 INFO  c.t.q.s.tests.TestBase$MyListener - Element By.xpath: //h1 found
15:16:33 INFO  c.t.q.s.tests.TestBase$MyListener - Start search element By.cssSelector: [aria-label='HouseIcon']
15:16:33 INFO  c.t.q.s.tests.TestBase$MyListener - Element By.cssSelector: [aria-label='HouseIcon'] found
15:16:33 INFO  c.t.q.s.tests.TestBase$MyListener - Start search element By.cssSelector: [aria-label='HouseIcon']
15:16:33 INFO  c.t.q.s.tests.TestBase$MyListener - Element By.cssSelector: [aria-label='HouseIcon'] found
15:16:35 INFO  c.t.q.s.tests.TestBase$MyListener - Start search element By.xpath: //*[contains(@class, 'boards-page-board-section-header-icon-default-image')]/../../../..//li
15:16:35 INFO  c.t.q.s.tests.TestBase$MyListener - Element By.xpath: //*[contains(@class, 'boards-page-board-section-header-icon-default-image')]/../../../..//li found
Boards - 8
15:16:36 INFO  c.telran.qa28.skelon.tests.TestBase - Test boardCreationTestDataProviderCSV finished
15:16:36 INFO  c.telran.qa28.skelon.tests.TestBase - Test boardCreationTestDataProviderCSV started with parametres - [Board{boardName='123456$'}]
15:16:36 INFO  c.t.q.s.tests.TestBase$MyListener - Start search element By.xpath: //*[@data-test-id='header-member-menu-button']
15:16:36 INFO  c.t.q.s.tests.TestBase$MyListener - Element By.xpath: //*[@data-test-id='header-member-menu-button'] found
15:16:40 INFO  c.t.q.s.tests.TestBase$MyListener - Start search element By.xpath: //*[contains(@class, 'boards-page-board-section-header-icon-default-image')]/../../../..//li
15:16:40 INFO  c.t.q.s.tests.TestBase$MyListener - Element By.xpath: //*[contains(@class, 'boards-page-board-section-header-icon-default-image')]/../../../..//li found
15:16:40 INFO  c.t.q.s.tests.TestBase$MyListener - Start search element By.xpath: //*[@data-test-id='header-create-menu-button']
15:16:40 INFO  c.t.q.s.tests.TestBase$MyListener - Element By.xpath: //*[@data-test-id='header-create-menu-button'] found
15:16:40 INFO  c.t.q.s.tests.TestBase$MyListener - Start search element By.xpath: //*[@data-test-id='header-create-board-button']
15:16:40 INFO  c.t.q.s.tests.TestBase$MyListener - Element By.xpath: //*[@data-test-id='header-create-board-button'] found
15:16:40 INFO  c.t.q.s.tests.TestBase$MyListener - Start search element By.xpath: //*[@data-test-id='create-board-title-input']
15:16:40 INFO  c.t.q.s.tests.TestBase$MyListener - Element By.xpath: //*[@data-test-id='create-board-title-input'] found
15:16:40 INFO  c.t.q.s.tests.TestBase$MyListener - Start search element By.xpath: //*[@data-test-id='create-board-title-input']
15:16:40 INFO  c.t.q.s.tests.TestBase$MyListener - Element By.xpath: //*[@data-test-id='create-board-title-input'] found
15:16:40 INFO  c.t.q.s.tests.TestBase$MyListener - Start search element By.xpath: //*[@data-test-id='create-board-title-input']
15:16:40 INFO  c.t.q.s.tests.TestBase$MyListener - Element By.xpath: //*[@data-test-id='create-board-title-input'] found
15:16:40 INFO  c.t.q.s.tests.TestBase$MyListener - Start search element By.xpath: //*[@data-test-id='create-board-submit-button']
15:16:40 INFO  c.t.q.s.tests.TestBase$MyListener - Element By.xpath: //*[@data-test-id='create-board-submit-button'] found
15:16:41 INFO  c.t.q.s.tests.TestBase$MyListener - Start search element By.cssSelector: .open-add-list
15:16:43 INFO  c.t.q.s.tests.TestBase$MyListener - Element By.cssSelector: .open-add-list found
15:16:43 INFO  c.t.q.s.tests.TestBase$MyListener - Start search element By.xpath: //h1
15:16:43 INFO  c.t.q.s.tests.TestBase$MyListener - Element By.xpath: //h1 found
15:16:43 INFO  c.t.q.s.tests.TestBase$MyListener - Start search element By.cssSelector: [aria-label='HouseIcon']
15:16:43 INFO  c.t.q.s.tests.TestBase$MyListener - Element By.cssSelector: [aria-label='HouseIcon'] found
15:16:43 INFO  c.t.q.s.tests.TestBase$MyListener - Start search element By.cssSelector: [aria-label='HouseIcon']
15:16:43 INFO  c.t.q.s.tests.TestBase$MyListener - Element By.cssSelector: [aria-label='HouseIcon'] found
15:16:45 INFO  c.t.q.s.tests.TestBase$MyListener - Start search element By.xpath: //*[contains(@class, 'boards-page-board-section-header-icon-default-image')]/../../../..//li
15:16:46 INFO  c.t.q.s.tests.TestBase$MyListener - Element By.xpath: //*[contains(@class, 'boards-page-board-section-header-icon-default-image')]/../../../..//li found
Boards - 9
15:16:46 INFO  c.telran.qa28.skelon.tests.TestBase - Test boardCreationTestDataProviderCSV finished
15:16:46 INFO  c.telran.qa28.skelon.tests.TestBase - Test boardCreationTestDataProviderCSV started with parametres - [Board{boardName='AAAAAAAAAAA'}]
15:16:46 INFO  c.t.q.s.tests.TestBase$MyListener - Start search element By.xpath: //*[@data-test-id='header-member-menu-button']
15:16:46 INFO  c.t.q.s.tests.TestBase$MyListener - Element By.xpath: //*[@data-test-id='header-member-menu-button'] found
15:16:50 INFO  c.t.q.s.tests.TestBase$MyListener - Start search element By.xpath: //*[contains(@class, 'boards-page-board-section-header-icon-default-image')]/../../../..//li
15:16:50 INFO  c.t.q.s.tests.TestBase$MyListener - Element By.xpath: //*[contains(@class, 'boards-page-board-section-header-icon-default-image')]/../../../..//li found
15:16:50 INFO  c.t.q.s.tests.TestBase$MyListener - Start search element By.xpath: //*[@data-test-id='header-create-menu-button']
15:16:50 INFO  c.t.q.s.tests.TestBase$MyListener - Element By.xpath: //*[@data-test-id='header-create-menu-button'] found
15:16:50 INFO  c.t.q.s.tests.TestBase$MyListener - Start search element By.xpath: //*[@data-test-id='header-create-board-button']
15:16:50 INFO  c.t.q.s.tests.TestBase$MyListener - Element By.xpath: //*[@data-test-id='header-create-board-button'] found
15:16:50 INFO  c.t.q.s.tests.TestBase$MyListener - Start search element By.xpath: //*[@data-test-id='create-board-title-input']
15:16:50 INFO  c.t.q.s.tests.TestBase$MyListener - Element By.xpath: //*[@data-test-id='create-board-title-input'] found
15:16:50 INFO  c.t.q.s.tests.TestBase$MyListener - Start search element By.xpath: //*[@data-test-id='create-board-title-input']
15:16:50 INFO  c.t.q.s.tests.TestBase$MyListener - Element By.xpath: //*[@data-test-id='create-board-title-input'] found
15:16:50 INFO  c.t.q.s.tests.TestBase$MyListener - Start search element By.xpath: //*[@data-test-id='create-board-title-input']
15:16:50 INFO  c.t.q.s.tests.TestBase$MyListener - Element By.xpath: //*[@data-test-id='create-board-title-input'] found
15:16:51 INFO  c.t.q.s.tests.TestBase$MyListener - Start search element By.xpath: //*[@data-test-id='create-board-submit-button']
15:16:51 INFO  c.t.q.s.tests.TestBase$MyListener - Element By.xpath: //*[@data-test-id='create-board-submit-button'] found
15:16:51 INFO  c.t.q.s.tests.TestBase$MyListener - Start search element By.cssSelector: .open-add-list
15:16:53 INFO  c.t.q.s.tests.TestBase$MyListener - Element By.cssSelector: .open-add-list found
15:16:53 INFO  c.t.q.s.tests.TestBase$MyListener - Start search element By.xpath: //h1
15:16:53 INFO  c.t.q.s.tests.TestBase$MyListener - Element By.xpath: //h1 found
15:16:53 INFO  c.t.q.s.tests.TestBase$MyListener - Start search element By.cssSelector: [aria-label='HouseIcon']
15:16:53 INFO  c.t.q.s.tests.TestBase$MyListener - Element By.cssSelector: [aria-label='HouseIcon'] found
15:16:53 INFO  c.t.q.s.tests.TestBase$MyListener - Start search element By.cssSelector: [aria-label='HouseIcon']
15:16:53 INFO  c.t.q.s.tests.TestBase$MyListener - Element By.cssSelector: [aria-label='HouseIcon'] found
15:16:55 INFO  c.t.q.s.tests.TestBase$MyListener - Start search element By.xpath: //*[contains(@class, 'boards-page-board-section-header-icon-default-image')]/../../../..//li
15:16:55 INFO  c.t.q.s.tests.TestBase$MyListener - Element By.xpath: //*[contains(@class, 'boards-page-board-section-header-icon-default-image')]/../../../..//li found
Boards - 10
15:16:55 INFO  c.telran.qa28.skelon.tests.TestBase - Test boardCreationTestDataProviderCSV finished
15:16:55 INFO  c.telran.qa28.skelon.tests.TestBase - Test boardCreationTestDataProviderCSV started with parametres - [Board{boardName='A B C'}]
15:16:55 INFO  c.t.q.s.tests.TestBase$MyListener - Start search element By.xpath: //*[@data-test-id='header-member-menu-button']
15:16:56 INFO  c.t.q.s.tests.TestBase$MyListener - Element By.xpath: //*[@data-test-id='header-member-menu-button'] found
15:17:00 INFO  c.t.q.s.tests.TestBase$MyListener - Start search element By.xpath: //*[contains(@class, 'boards-page-board-section-header-icon-default-image')]/../../../..//li
15:17:00 INFO  c.t.q.s.tests.TestBase$MyListener - Element By.xpath: //*[contains(@class, 'boards-page-board-section-header-icon-default-image')]/../../../..//li found
15:17:00 INFO  c.t.q.s.tests.TestBase$MyListener - Start search element By.xpath: //*[@data-test-id='header-create-menu-button']
15:17:00 INFO  c.t.q.s.tests.TestBase$MyListener - Element By.xpath: //*[@data-test-id='header-create-menu-button'] found
15:17:00 INFO  c.t.q.s.tests.TestBase$MyListener - Start search element By.xpath: //*[@data-test-id='header-create-board-button']
15:17:00 INFO  c.t.q.s.tests.TestBase$MyListener - Element By.xpath: //*[@data-test-id='header-create-board-button'] found
15:17:00 INFO  c.t.q.s.tests.TestBase$MyListener - Start search element By.xpath: //*[@data-test-id='create-board-title-input']
15:17:00 INFO  c.t.q.s.tests.TestBase$MyListener - Element By.xpath: //*[@data-test-id='create-board-title-input'] found
15:17:00 INFO  c.t.q.s.tests.TestBase$MyListener - Start search element By.xpath: //*[@data-test-id='create-board-title-input']
15:17:00 INFO  c.t.q.s.tests.TestBase$MyListener - Element By.xpath: //*[@data-test-id='create-board-title-input'] found
15:17:00 INFO  c.t.q.s.tests.TestBase$MyListener - Start search element By.xpath: //*[@data-test-id='create-board-title-input']
15:17:00 INFO  c.t.q.s.tests.TestBase$MyListener - Element By.xpath: //*[@data-test-id='create-board-title-input'] found
15:17:00 INFO  c.t.q.s.tests.TestBase$MyListener - Start search element By.xpath: //*[@data-test-id='create-board-submit-button']
15:17:10 ERROR c.t.q.s.tests.TestBase$MyListener - ERROR!!! TEST FAILED!!!

org.openqa.selenium.NoSuchElementException: no such element: Unable to locate element: {&quot;method&quot;:&quot;xpath&quot;,&quot;selector&quot;:&quot;//*[@data-test-id='create-board-submit-button']&quot;}
  (Session info: chrome=92.0.4515.159)
For documentation on this error, please visit: https://www.seleniumhq.org/exceptions/no_such_element.html
Build info: version: '3.141.59', revision: 'e82be7d358', time: '2018-11-14T08:17:03'
System info: host: 'DESKTOP-V8HD5F2', ip: '192.168.1.27', os.name: 'Windows 10', os.arch: 'amd64', os.version: '10.0', java.version: '11.0.11'
Driver info: org.openqa.selenium.chrome.ChromeDriver
Capabilities {acceptInsecureCerts: false, browserName: chrome, browserVersion: 92.0.4515.159, chrome: {chromedriverVersion: 92.0.4515.43 (8c61b7e2989f2..., userDataDir: C:\Users\User\AppData\Local...}, goog:chromeOptions: {debuggerAddress: localhost:59063}, javascriptEnabled: true, networkConnectionEnabled: false, pageLoadStrategy: normal, platform: WINDOWS, platformName: WINDOWS, proxy: Proxy(), setWindowRect: true, strictFileInteractability: false, timeouts: {implicit: 0, pageLoad: 300000, script: 30000}, unhandledPromptBehavior: dismiss and notify, webauthn:extension:credBlob: true, webauthn:extension:largeBlob: true, webauthn:virtualAuthenticators: true}
Session ID: fd30429f824efb859a03ce85d3513dc5
*** Element info: {Using=xpath, value=//*[@data-test-id='create-board-submit-button']}
	at java.base/jdk.internal.reflect.NativeConstructorAccessorImpl.newInstance0(Native Method)
	at java.base/jdk.internal.reflect.NativeConstructorAccessorImpl.newInstance(NativeConstructorAccessorImpl.java:62)
	at java.base/jdk.internal.reflect.DelegatingConstructorAccessorImpl.newInstance(DelegatingConstructorAccessorImpl.java:45)
	at java.base/java.lang.reflect.Constructor.newInstance(Constructor.java:490)
	at org.openqa.selenium.remote.http.W3CHttpResponseCodec.createException(W3CHttpResponseCodec.java:187)
	at org.openqa.selenium.remote.http.W3CHttpResponseCodec.decode(W3CHttpResponseCodec.java:122)
	at org.openqa.selenium.remote.http.W3CHttpResponseCodec.decode(W3CHttpResponseCodec.java:49)
	at org.openqa.selenium.remote.HttpCommandExecutor.execute(HttpCommandExecutor.java:158)
	at org.openqa.selenium.remote.service.DriverCommandExecutor.execute(DriverCommandExecutor.java:83)
	at org.openqa.selenium.remote.RemoteWebDriver.execute(RemoteWebDriver.java:552)
	at org.openqa.selenium.remote.RemoteWebDriver.findElement(RemoteWebDriver.java:323)
	at org.openqa.selenium.remote.RemoteWebDriver.findElementByXPath(RemoteWebDriver.java:428)
	at org.openqa.selenium.By$ByXPath.findElement(By.java:353)
	at org.openqa.selenium.remote.RemoteWebDriver.findElement(RemoteWebDriver.java:315)
	at jdk.internal.reflect.GeneratedMethodAccessor3.invoke(Unknown Source)
	at java.base/jdk.internal.reflect.DelegatingMethodAccessorImpl.invoke(DelegatingMethodAccessorImpl.java:43)
	at java.base/java.lang.reflect.Method.invoke(Method.java:566)
	at org.openqa.selenium.support.events.EventFiringWebDriver.lambda$new$1(EventFiringWebDriver.java:105)
	at com.sun.proxy.$Proxy15.findElement(Unknown Source)
	at org.openqa.selenium.support.events.EventFiringWebDriver.findElement(EventFiringWebDriver.java:194)
	at com.telran.qa28.skelon.framework.HelperBase.click(HelperBase.java:23)
	at com.telran.qa28.skelon.framework.BoardHelper.confirmBoardCreation(BoardHelper.java:22)
	at com.telran.qa28.skelon.tests.BoardCreationTests.boardCreationTestDataProviderCSV(BoardCreationTests.java:111)
	at java.base/jdk.internal.reflect.NativeMethodAccessorImpl.invoke0(Native Method)
	at java.base/jdk.internal.reflect.NativeMethodAccessorImpl.invoke(NativeMethodAccessorImpl.java:62)
	at java.base/jdk.internal.reflect.DelegatingMethodAccessorImpl.invoke(DelegatingMethodAccessorImpl.java:43)
	at java.base/java.lang.reflect.Method.invoke(Method.java:566)
	at org.testng.internal.MethodInvocationHelper.invokeMethod(MethodInvocationHelper.java:134)
	at org.testng.internal.TestInvoker.invokeMethod(TestInvoker.java:597)
	at org.testng.internal.TestInvoker.invokeTestMethod(TestInvoker.java:173)
	at org.testng.internal.MethodRunner.runInSequence(MethodRunner.java:46)
	at org.testng.internal.TestInvoker$MethodInvocationAgent.invoke(TestInvoker.java:816)
	at org.testng.internal.TestInvoker.invokeTestMethods(TestInvoker.java:146)
	at org.testng.internal.TestMethodWorker.invokeTestMethods(TestMethodWorker.java:146)
	at org.testng.internal.TestMethodWorker.run(TestMethodWorker.java:128)
	at java.base/java.util.ArrayList.forEach(ArrayList.java:1541)
	at org.testng.TestRunner.privateRun(TestRunner.java:766)
	at org.testng.TestRunner.run(TestRunner.java:587)
	at org.testng.SuiteRunner.runTest(SuiteRunner.java:384)
	at org.testng.SuiteRunner.runSequentially(SuiteRunner.java:378)
	at org.testng.SuiteRunner.privateRun(SuiteRunner.java:337)
	at org.testng.SuiteRunner.run(SuiteRunner.java:286)
	at org.testng.SuiteRunnerWorker.runSuite(SuiteRunnerWorker.java:53)
	at org.testng.SuiteRunnerWorker.run(SuiteRunnerWorker.java:96)
	at org.testng.TestNG.runSuitesSequentially(TestNG.java:1187)
	at org.testng.TestNG.runSuitesLocally(TestNG.java:1109)
	at org.testng.TestNG.runSuites(TestNG.java:1039)
	at org.testng.TestNG.run(TestNG.java:1007)
	at org.gradle.api.internal.tasks.testing.testng.TestNGTestClassProcessor.runTests(TestNGTestClassProcessor.java:141)
	at org.gradle.api.internal.tasks.testing.testng.TestNGTestClassProcessor.stop(TestNGTestClassProcessor.java:90)
	at org.gradle.api.internal.tasks.testing.SuiteTestClassProcessor.stop(SuiteTestClassProcessor.java:61)
	at java.base/jdk.internal.reflect.NativeMethodAccessorImpl.invoke0(Native Method)
	at java.base/jdk.internal.reflect.NativeMethodAccessorImpl.invoke(NativeMethodAccessorImpl.java:62)
	at java.base/jdk.internal.reflect.DelegatingMethodAccessorImpl.invoke(DelegatingMethodAccessorImpl.java:43)
	at java.base/java.lang.reflect.Method.invoke(Method.java:566)
	at org.gradle.internal.dispatch.ReflectionDispatch.dispatch(ReflectionDispatch.java:36)
	at org.gradle.internal.dispatch.ReflectionDispatch.dispatch(ReflectionDispatch.java:24)
	at org.gradle.internal.dispatch.ContextClassLoaderDispatch.dispatch(ContextClassLoaderDispatch.java:33)
	at org.gradle.internal.dispatch.ProxyDispatchAdapter$DispatchingInvocationHandler.invoke(ProxyDispatchAdapter.java:94)
	at com.sun.proxy.$Proxy2.stop(Unknown Source)
	at org.gradle.api.internal.tasks.testing.worker.TestWorker.stop(TestWorker.java:133)
	at java.base/jdk.internal.reflect.NativeMethodAccessorImpl.invoke0(Native Method)
	at java.base/jdk.internal.reflect.NativeMethodAccessorImpl.invoke(NativeMethodAccessorImpl.java:62)
	at java.base/jdk.internal.reflect.DelegatingMethodAccessorImpl.invoke(DelegatingMethodAccessorImpl.java:43)
	at java.base/java.lang.reflect.Method.invoke(Method.java:566)
	at org.gradle.internal.dispatch.ReflectionDispatch.dispatch(ReflectionDispatch.java:36)
	at org.gradle.internal.dispatch.ReflectionDispatch.dispatch(ReflectionDispatch.java:24)
	at org.gradle.internal.remote.internal.hub.MessageHubBackedObjectConnection$DispatchWrapper.dispatch(MessageHubBackedObjectConnection.java:182)
	at org.gradle.internal.remote.internal.hub.MessageHubBackedObjectConnection$DispatchWrapper.dispatch(MessageHubBackedObjectConnection.java:164)
	at org.gradle.internal.remote.internal.hub.MessageHub$Handler.run(MessageHub.java:414)
	at org.gradle.internal.concurrent.ExecutorPolicy$CatchAndRecordFailures.onExecute(ExecutorPolicy.java:64)
	at org.gradle.internal.concurrent.ManagedExecutorImpl$1.run(ManagedExecutorImpl.java:48)
	at java.base/java.util.concurrent.ThreadPoolExecutor.runWorker(ThreadPoolExecutor.java:1128)
	at java.base/java.util.concurrent.ThreadPoolExecutor$Worker.run(ThreadPoolExecutor.java:628)
	at org.gradle.internal.concurrent.ThreadFactoryImpl$ManagedThreadRunnable.run(ThreadFactoryImpl.java:56)
	at java.base/java.lang.Thread.run(Thread.java:834)
15:17:11 ERROR c.t.q.s.tests.TestBase$MyListener - screenshot - ScreenShots/screen-1629548.png
15:17:11 INFO  c.telran.qa28.skelon.tests.TestBase - Test boardCreationTestDataProviderCSV finished
15:17:11 INFO  c.telran.qa28.skelon.tests.TestBase - Test boardCreationTestDataProviderCSV started with parametres - [Board{boardName='A1$s'}]
15:17:11 INFO  c.t.q.s.tests.TestBase$MyListener - Start search element By.xpath: //*[@data-test-id='header-member-menu-button']
15:17:11 INFO  c.t.q.s.tests.TestBase$MyListener - Element By.xpath: //*[@data-test-id='header-member-menu-button'] found
15:17:15 INFO  c.t.q.s.tests.TestBase$MyListener - Start search element By.xpath: //*[contains(@class, 'boards-page-board-section-header-icon-default-image')]/../../../..//li
15:17:15 INFO  c.t.q.s.tests.TestBase$MyListener - Element By.xpath: //*[contains(@class, 'boards-page-board-section-header-icon-default-image')]/../../../..//li found
15:17:15 INFO  c.t.q.s.tests.TestBase$MyListener - Start search element By.xpath: //*[@data-test-id='header-create-menu-button']
15:17:15 INFO  c.t.q.s.tests.TestBase$MyListener - Element By.xpath: //*[@data-test-id='header-create-menu-button'] found
15:17:16 ERROR c.t.q.s.tests.TestBase$MyListener - ERROR!!! TEST FAILED!!!

org.openqa.selenium.ElementClickInterceptedException: element click intercepted: Element &lt;button class=&quot;_2Hkk1T39xw4RMQ _3TTqkG5muwOzqZ ZOUktZwsING7-0 _3LWeD13GUCngAu&quot; data-test-id=&quot;header-create-menu-button&quot; type=&quot;button&quot; aria-label=&quot;Create board or Workspace&quot;&gt;...&lt;/button&gt; is not clickable at point (1238, 20). Other element would receive the click: &lt;div class=&quot;_343EhxI8lu8-ih _2E51xGpnYJSdNA _25mU3FaRo7l95D&quot;&gt;...&lt;/div&gt;
  (Session info: chrome=92.0.4515.159)
Build info: version: '3.141.59', revision: 'e82be7d358', time: '2018-11-14T08:17:03'
System info: host: 'DESKTOP-V8HD5F2', ip: '192.168.1.27', os.name: 'Windows 10', os.arch: 'amd64', os.version: '10.0', java.version: '11.0.11'
Driver info: org.openqa.selenium.chrome.ChromeDriver
Capabilities {acceptInsecureCerts: false, browserName: chrome, browserVersion: 92.0.4515.159, chrome: {chromedriverVersion: 92.0.4515.43 (8c61b7e2989f2..., userDataDir: C:\Users\User\AppData\Local...}, goog:chromeOptions: {debuggerAddress: localhost:59063}, javascriptEnabled: true, networkConnectionEnabled: false, pageLoadStrategy: normal, platform: WINDOWS, platformName: WINDOWS, proxy: Proxy(), setWindowRect: true, strictFileInteractability: false, timeouts: {implicit: 0, pageLoad: 300000, script: 30000}, unhandledPromptBehavior: dismiss and notify, webauthn:extension:credBlob: true, webauthn:extension:largeBlob: true, webauthn:virtualAuthenticators: true}
Session ID: fd30429f824efb859a03ce85d3513dc5
	at java.base/jdk.internal.reflect.NativeConstructorAccessorImpl.newInstance0(Native Method)
	at java.base/jdk.internal.reflect.NativeConstructorAccessorImpl.newInstance(NativeConstructorAccessorImpl.java:62)
	at java.base/jdk.internal.reflect.DelegatingConstructorAccessorImpl.newInstance(DelegatingConstructorAccessorImpl.java:45)
	at java.base/java.lang.reflect.Constructor.newInstance(Constructor.java:490)
	at org.openqa.selenium.remote.http.W3CHttpResponseCodec.createException(W3CHttpResponseCodec.java:187)
	at org.openqa.selenium.remote.http.W3CHttpResponseCodec.decode(W3CHttpResponseCodec.java:122)
	at org.openqa.selenium.remote.http.W3CHttpResponseCodec.decode(W3CHttpResponseCodec.java:49)
	at org.openqa.selenium.remote.HttpCommandExecutor.execute(HttpCommandExecutor.java:158)
	at org.openqa.selenium.remote.service.DriverCommandExecutor.execute(DriverCommandExecutor.java:83)
	at org.openqa.selenium.remote.RemoteWebDriver.execute(RemoteWebDriver.java:552)
	at org.openqa.selenium.remote.RemoteWebElement.execute(RemoteWebElement.java:285)
	at org.openqa.selenium.remote.RemoteWebElement.click(RemoteWebElement.java:84)
	at jdk.internal.reflect.GeneratedMethodAccessor5.invoke(Unknown Source)
	at java.base/jdk.internal.reflect.DelegatingMethodAccessorImpl.invoke(DelegatingMethodAccessorImpl.java:43)
	at java.base/java.lang.reflect.Method.invoke(Method.java:566)
	at org.openqa.selenium.support.events.EventFiringWebDriver$EventFiringWebElement.lambda$new$0(EventFiringWebDriver.java:404)
	at com.sun.proxy.$Proxy16.click(Unknown Source)
	at org.openqa.selenium.support.events.EventFiringWebDriver$EventFiringWebElement.click(EventFiringWebDriver.java:417)
	at com.telran.qa28.skelon.framework.HelperBase.click(HelperBase.java:23)
	at com.telran.qa28.skelon.framework.HelperBase.clickOnPlusButton(HelperBase.java:57)
	at com.telran.qa28.skelon.tests.BoardCreationTests.boardCreationTestDataProviderCSV(BoardCreationTests.java:108)
	at java.base/jdk.internal.reflect.NativeMethodAccessorImpl.invoke0(Native Method)
	at java.base/jdk.internal.reflect.NativeMethodAccessorImpl.invoke(NativeMethodAccessorImpl.java:62)
	at java.base/jdk.internal.reflect.DelegatingMethodAccessorImpl.invoke(DelegatingMethodAccessorImpl.java:43)
	at java.base/java.lang.reflect.Method.invoke(Method.java:566)
	at org.testng.internal.MethodInvocationHelper.invokeMethod(MethodInvocationHelper.java:134)
	at org.testng.internal.TestInvoker.invokeMethod(TestInvoker.java:597)
	at org.testng.internal.TestInvoker.invokeTestMethod(TestInvoker.java:173)
	at org.testng.internal.MethodRunner.runInSequence(MethodRunner.java:46)
	at org.testng.internal.TestInvoker$MethodInvocationAgent.invoke(TestInvoker.java:816)
	at org.testng.internal.TestInvoker.invokeTestMethods(TestInvoker.java:146)
	at org.testng.internal.TestMethodWorker.invokeTestMethods(TestMethodWorker.java:146)
	at org.testng.internal.TestMethodWorker.run(TestMethodWorker.java:128)
	at java.base/java.util.ArrayList.forEach(ArrayList.java:1541)
	at org.testng.TestRunner.privateRun(TestRunner.java:766)
	at org.testng.TestRunner.run(TestRunner.java:587)
	at org.testng.SuiteRunner.runTest(SuiteRunner.java:384)
	at org.testng.SuiteRunner.runSequentially(SuiteRunner.java:378)
	at org.testng.SuiteRunner.privateRun(SuiteRunner.java:337)
	at org.testng.SuiteRunner.run(SuiteRunner.java:286)
	at org.testng.SuiteRunnerWorker.runSuite(SuiteRunnerWorker.java:53)
	at org.testng.SuiteRunnerWorker.run(SuiteRunnerWorker.java:96)
	at org.testng.TestNG.runSuitesSequentially(TestNG.java:1187)
	at org.testng.TestNG.runSuitesLocally(TestNG.java:1109)
	at org.testng.TestNG.runSuites(TestNG.java:1039)
	at org.testng.TestNG.run(TestNG.java:1007)
	at org.gradle.api.internal.tasks.testing.testng.TestNGTestClassProcessor.runTests(TestNGTestClassProcessor.java:141)
	at org.gradle.api.internal.tasks.testing.testng.TestNGTestClassProcessor.stop(TestNGTestClassProcessor.java:90)
	at org.gradle.api.internal.tasks.testing.SuiteTestClassProcessor.stop(SuiteTestClassProcessor.java:61)
	at java.base/jdk.internal.reflect.NativeMethodAccessorImpl.invoke0(Native Method)
	at java.base/jdk.internal.reflect.NativeMethodAccessorImpl.invoke(NativeMethodAccessorImpl.java:62)
	at java.base/jdk.internal.reflect.DelegatingMethodAccessorImpl.invoke(DelegatingMethodAccessorImpl.java:43)
	at java.base/java.lang.reflect.Method.invoke(Method.java:566)
	at org.gradle.internal.dispatch.ReflectionDispatch.dispatch(ReflectionDispatch.java:36)
	at org.gradle.internal.dispatch.ReflectionDispatch.dispatch(ReflectionDispatch.java:24)
	at org.gradle.internal.dispatch.ContextClassLoaderDispatch.dispatch(ContextClassLoaderDispatch.java:33)
	at org.gradle.internal.dispatch.ProxyDispatchAdapter$DispatchingInvocationHandler.invoke(ProxyDispatchAdapter.java:94)
	at com.sun.proxy.$Proxy2.stop(Unknown Source)
	at org.gradle.api.internal.tasks.testing.worker.TestWorker.stop(TestWorker.java:133)
	at java.base/jdk.internal.reflect.NativeMethodAccessorImpl.invoke0(Native Method)
	at java.base/jdk.internal.reflect.NativeMethodAccessorImpl.invoke(NativeMethodAccessorImpl.java:62)
	at java.base/jdk.internal.reflect.DelegatingMethodAccessorImpl.invoke(DelegatingMethodAccessorImpl.java:43)
	at java.base/java.lang.reflect.Method.invoke(Method.java:566)
	at org.gradle.internal.dispatch.ReflectionDispatch.dispatch(ReflectionDispatch.java:36)
	at org.gradle.internal.dispatch.ReflectionDispatch.dispatch(ReflectionDispatch.java:24)
	at org.gradle.internal.remote.internal.hub.MessageHubBackedObjectConnection$DispatchWrapper.dispatch(MessageHubBackedObjectConnection.java:182)
	at org.gradle.internal.remote.internal.hub.MessageHubBackedObjectConnection$DispatchWrapper.dispatch(MessageHubBackedObjectConnection.java:164)
	at org.gradle.internal.remote.internal.hub.MessageHub$Handler.run(MessageHub.java:414)
	at org.gradle.internal.concurrent.ExecutorPolicy$CatchAndRecordFailures.onExecute(ExecutorPolicy.java:64)
	at org.gradle.internal.concurrent.ManagedExecutorImpl$1.run(ManagedExecutorImpl.java:48)
	at java.base/java.util.concurrent.ThreadPoolExecutor.runWorker(ThreadPoolExecutor.java:1128)
	at java.base/java.util.concurrent.ThreadPoolExecutor$Worker.run(ThreadPoolExecutor.java:628)
	at org.gradle.internal.concurrent.ThreadFactoryImpl$ManagedThreadRunnable.run(ThreadFactoryImpl.java:56)
	at java.base/java.lang.Thread.run(Thread.java:834)
15:17:16 ERROR c.t.q.s.tests.TestBase$MyListener - screenshot - ScreenShots/screen-1629548.png
15:17:16 INFO  c.telran.qa28.skelon.tests.TestBase - Test boardCreationTestDataProviderCSV finished
</pre>
</span>
</div>
</div>
<div id="footer">
<p>
<div>
<label class="hidden" id="label-for-line-wrapping-toggle" for="line-wrapping-toggle">Wrap lines
<input id="line-wrapping-toggle" type="checkbox" autocomplete="off"/>
</label>
</div>Generated by 
<a href="http://www.gradle.org">Gradle 6.8</a> at Aug 21, 2021, 3:17:19 PM</p>
</div>
</div>
</body>
</html>
